<html>
<head>
<title>TestNG:  Default test</title>
<link href="../testng.css" rel="stylesheet" type="text/css" />
<link href="../my-testng.css" rel="stylesheet" type="text/css" />

<style type="text/css">
.log { display: none;} 
.stack-trace { display: none;} 
</style>
<script type="text/javascript">
<!--
function flip(e) {
  current = e.style.display;
  if (current == 'block') {
    e.style.display = 'none';
    return 0;
  }
  else {
    e.style.display = 'block';
    return 1;
  }
}

function toggleBox(szDivId, elem, msg1, msg2)
{
  var res = -1;  if (document.getElementById) {
    res = flip(document.getElementById(szDivId));
  }
  else if (document.all) {
    // this is the way old msie versions work
    res = flip(document.all[szDivId]);
  }
  if(elem) {
    if(res == 0) elem.innerHTML = msg1; else elem.innerHTML = msg2;
  }

}

function toggleAllBoxes() {
  if (document.getElementsByTagName) {
    d = document.getElementsByTagName('div');
    for (i = 0; i < d.length; i++) {
      if (d[i].className == 'log') {
        flip(d[i]);
      }
    }
  }
}

// -->
</script>

</head>
<body>
<h2 align='center'>Default test</h2><table border='1' align="center">
<tr>
<td>Tests passed/Failed/Skipped:</td><td>62/16/0</td>
</tr><tr>
<td>Started on:</td><td>Sun Oct 09 23:25:19 WIB 2022</td>
</tr>
<tr><td>Total time:</td><td>1318 seconds (1318264 ms)</td>
</tr><tr>
<td>Included groups:</td><td></td>
</tr><tr>
<td>Excluded groups:</td><td></td>
</tr>
</table><p/>
<small><i>(Hover the method name to see the test class name)</i></small><p/>
<table width='100%' border='1' class='invocation-failed'>
<tr><td colspan='4' align='center'><b>FAILED TESTS</b></td></tr>
<tr><td><b>Test method</b></td>
<td><b>Attribute(s)</b></td>
<td width="30%"><b>Exception</b></td>
<td width="10%"><b>Time (seconds)</b></td>
<td><b>Instance</b></td>
</tr>
<tr>
<td title='cucumber.framework.runner.jcadmin.JCAdminRunner.runScenario()'><b>runScenario</b><br>Test class: cucumber.framework.runner.jcadmin.JCAdminRunner<br>Test method: Runs Cucumber Scenarios<br>Parameters: "Admin mengubah foto blog", "Mencari dan Mengedit Blog Negative"</td>
<td><div><pre>java.lang.AssertionError: expected [true] but found [false]
	at org.testng.Assert.fail(Assert.java:110)
	at org.testng.Assert.failNotEquals(Assert.java:1413)
	at org.testng.Assert.assertTrue(Assert.java:56)
	at org.testng.Assert.assertTrue(Assert.java:66)
	at cucumber.framework.runner.jcadmin.JCAdminBlogFindAndEditNegativeImpl.bl001n_admin_menekan_button_simpan_blog_edit_foto(JCAdminBlogFindAndEditNegativeImpl.java:55)
	at ✽.BL001N Admin menekan button simpan blog edit foto(file:///C:/TRAINING/TA/TA-NICO/TA-NICO/src/main/resources/jcadmin/006Blog005FindAndEditBlogNegative.feature:12)
</pre></div><a href='#' onClick='toggleBox("stack-trace1009677262", this, "Click to show all stack frames", "Click to hide stack frames")'>Click to show all stack frames</a>
<div class='stack-trace' id='stack-trace1009677262'><pre>java.lang.AssertionError: expected [true] but found [false]
	at org.testng.Assert.fail(Assert.java:110)
	at org.testng.Assert.failNotEquals(Assert.java:1413)
	at org.testng.Assert.assertTrue(Assert.java:56)
	at org.testng.Assert.assertTrue(Assert.java:66)
	at cucumber.framework.runner.jcadmin.JCAdminBlogFindAndEditNegativeImpl.bl001n_admin_menekan_button_simpan_blog_edit_foto(JCAdminBlogFindAndEditNegativeImpl.java:55)
	at ✽.BL001N Admin menekan button simpan blog edit foto(file:///C:/TRAINING/TA/TA-NICO/TA-NICO/src/main/resources/jcadmin/006Blog005FindAndEditBlogNegative.feature:12)
</pre></div></td>
<td>22</td>
<td>cucumber.framework.runner.jcadmin.JCAdminRunner@2767e23c</td></tr>
<tr>
<td title='cucumber.framework.runner.jcadmin.JCAdminRunner.runScenario()'><b>runScenario</b><br>Test class: cucumber.framework.runner.jcadmin.JCAdminRunner<br>Test method: Runs Cucumber Scenarios<br>Parameters: "Admin mengubah status blog publish Active ke No Active", "Mencari dan Mengedit Blog Negative"</td>
<td><div><pre>java.lang.AssertionError: expected [No Active] but found [Active]
	at org.testng.Assert.fail(Assert.java:110)
	at org.testng.Assert.failNotEquals(Assert.java:1413)
	at org.testng.Assert.assertEqualsImpl(Assert.java:149)
	at org.testng.Assert.assertEquals(Assert.java:131)
	at org.testng.Assert.assertEquals(Assert.java:655)
	at org.testng.Assert.assertEquals(Assert.java:665)
	at cucumber.framework.runner.jcadmin.JCAdminBlogFindAndEditNegativeImpl.kode_admin_menekan_tombol_simpan_edit_status_status_menjadi_ubah(JCAdminBlogFindAndEditNegativeImpl.java:117)
	at ✽.BL003N Admin menekan tombol simpan edit status publish Active menjadi No Active(file:///C:/TRAINING/TA/TA-NICO/TA-NICO/src/main/resources/jcadmin/006Blog005FindAndEditBlogNegative.feature:23)
</pre></div><a href='#' onClick='toggleBox("stack-trace760960155", this, "Click to show all stack frames", "Click to hide stack frames")'>Click to show all stack frames</a>
<div class='stack-trace' id='stack-trace760960155'><pre>java.lang.AssertionError: expected [No Active] but found [Active]
	at org.testng.Assert.fail(Assert.java:110)
	at org.testng.Assert.failNotEquals(Assert.java:1413)
	at org.testng.Assert.assertEqualsImpl(Assert.java:149)
	at org.testng.Assert.assertEquals(Assert.java:131)
	at org.testng.Assert.assertEquals(Assert.java:655)
	at org.testng.Assert.assertEquals(Assert.java:665)
	at cucumber.framework.runner.jcadmin.JCAdminBlogFindAndEditNegativeImpl.kode_admin_menekan_tombol_simpan_edit_status_status_menjadi_ubah(JCAdminBlogFindAndEditNegativeImpl.java:117)
	at ✽.BL003N Admin menekan tombol simpan edit status publish Active menjadi No Active(file:///C:/TRAINING/TA/TA-NICO/TA-NICO/src/main/resources/jcadmin/006Blog005FindAndEditBlogNegative.feature:23)
</pre></div></td>
<td>17</td>
<td>cucumber.framework.runner.jcadmin.JCAdminRunner@2767e23c</td></tr>
<tr>
<td title='cucumber.framework.runner.jcadmin.JCAdminRunner.runScenario()'><b>runScenario</b><br>Test class: cucumber.framework.runner.jcadmin.JCAdminRunner<br>Test method: Runs Cucumber Scenarios<br>Parameters: "Admin mencari data Message dengan tekan tombol cari", "Cari Data Messages Negative"</td>
<td><div><pre>java.lang.AssertionError: expected [00101111zzzozooo] but found [0011111zzzozooo]
	at org.testng.Assert.fail(Assert.java:110)
	at org.testng.Assert.failNotEquals(Assert.java:1413)
	at org.testng.Assert.assertEqualsImpl(Assert.java:149)
	at org.testng.Assert.assertEquals(Assert.java:131)
	at org.testng.Assert.assertEquals(Assert.java:655)
	at org.testng.Assert.assertEquals(Assert.java:665)
	at cucumber.framework.runner.jcadmin.JCAdminContactMessagesSearchNegativeImpl.kode_admin_menekan_tombol_cari_input_pada_kolom_pencarian_berdasar_sorting(JCAdminContactMessagesSearchNegativeImpl.java:155)
	at ✽.CO021P Admin menekan tombol cari 00101111zzzozooo pada kolom pencarian berdasar Message(file:///C:/TRAINING/TA/TA-NICO/TA-NICO/src/main/resources/jcadmin/007ContactMessages004CariNegative.feature:56)
</pre></div><a href='#' onClick='toggleBox("stack-trace968295671", this, "Click to show all stack frames", "Click to hide stack frames")'>Click to show all stack frames</a>
<div class='stack-trace' id='stack-trace968295671'><pre>java.lang.AssertionError: expected [00101111zzzozooo] but found [0011111zzzozooo]
	at org.testng.Assert.fail(Assert.java:110)
	at org.testng.Assert.failNotEquals(Assert.java:1413)
	at org.testng.Assert.assertEqualsImpl(Assert.java:149)
	at org.testng.Assert.assertEquals(Assert.java:131)
	at org.testng.Assert.assertEquals(Assert.java:655)
	at org.testng.Assert.assertEquals(Assert.java:665)
	at cucumber.framework.runner.jcadmin.JCAdminContactMessagesSearchNegativeImpl.kode_admin_menekan_tombol_cari_input_pada_kolom_pencarian_berdasar_sorting(JCAdminContactMessagesSearchNegativeImpl.java:155)
	at ✽.CO021P Admin menekan tombol cari 00101111zzzozooo pada kolom pencarian berdasar Message(file:///C:/TRAINING/TA/TA-NICO/TA-NICO/src/main/resources/jcadmin/007ContactMessages004CariNegative.feature:56)
</pre></div></td>
<td>14</td>
<td>cucumber.framework.runner.jcadmin.JCAdminRunner@2767e23c</td></tr>
<tr>
<td title='cucumber.framework.runner.jcadmin.JCAdminRunner.runScenario()'><b>runScenario</b><br>Test class: cucumber.framework.runner.jcadmin.JCAdminRunner<br>Test method: Runs Cucumber Scenarios<br>Parameters: "Admin sorting data berdasarkan Message", "Melihat Data Contact Message Berdasarkan Sorting"</td>
<td><div><pre>java.lang.AssertionError: expected [000011111] but found [0011111]
	at org.testng.Assert.fail(Assert.java:110)
	at org.testng.Assert.failNotEquals(Assert.java:1413)
	at org.testng.Assert.assertEqualsImpl(Assert.java:149)
	at org.testng.Assert.assertEquals(Assert.java:131)
	at org.testng.Assert.assertEquals(Assert.java:655)
	at org.testng.Assert.assertEquals(Assert.java:665)
	at cucumber.framework.runner.jcadmin.JCAdminContactMessagesGetMessageImpl.kode_admin_mendapat_data_yang_disorting_berdasarkan_sorting(JCAdminContactMessagesGetMessageImpl.java:79)
	at ✽.CO006P Admin mendapat data yang disorting berdasarkan Message(file:///C:/TRAINING/TA/TA-NICO/TA-NICO/src/main/resources/jcadmin/007ContactMessages001GetMessages.feature:15)
</pre></div><a href='#' onClick='toggleBox("stack-trace1442573242", this, "Click to show all stack frames", "Click to hide stack frames")'>Click to show all stack frames</a>
<div class='stack-trace' id='stack-trace1442573242'><pre>java.lang.AssertionError: expected [000011111] but found [0011111]
	at org.testng.Assert.fail(Assert.java:110)
	at org.testng.Assert.failNotEquals(Assert.java:1413)
	at org.testng.Assert.assertEqualsImpl(Assert.java:149)
	at org.testng.Assert.assertEquals(Assert.java:131)
	at org.testng.Assert.assertEquals(Assert.java:655)
	at org.testng.Assert.assertEquals(Assert.java:665)
	at cucumber.framework.runner.jcadmin.JCAdminContactMessagesGetMessageImpl.kode_admin_mendapat_data_yang_disorting_berdasarkan_sorting(JCAdminContactMessagesGetMessageImpl.java:79)
	at ✽.CO006P Admin mendapat data yang disorting berdasarkan Message(file:///C:/TRAINING/TA/TA-NICO/TA-NICO/src/main/resources/jcadmin/007ContactMessages001GetMessages.feature:15)
</pre></div></td>
<td>8</td>
<td>cucumber.framework.runner.jcadmin.JCAdminRunner@2767e23c</td></tr>
<tr>
<td title='cucumber.framework.runner.jcadmin.JCAdminRunner.runScenario()'><b>runScenario</b><br>Test class: cucumber.framework.runner.jcadmin.JCAdminRunner<br>Test method: Runs Cucumber Scenarios<br>Parameters: "Tambah trainer negative input nama500 karakter", "Menambah About Negative"</td>
<td><div><pre>java.lang.AssertionError: expected [NicoArdyTestPanjangggggggggggggggggggggggggggggggggggggggggggggggggggggggggggggggggggggggggggggggggggggggggggggggggggggggggggggggggggggggggggggggggggggggggggggggggggggggggggggggggggggggggggggggggggggggggggggggggggggggggggggggggggggggggggggggggggggggggggggggggggggggggggggggggggggggggggggggggggggggggggggggggggggggggggggggggggggggggggggggggggggggggggggggggggggggggggggggggggggggggggggggggggggggggggggggggggggggggggggggggggggggggggggggggggggggggggggggggggggggggggggggggggggggggggggggggggggggggggggggggg] but found [NicoArdyTestPanjangggggggggggggggggggggggggggggggggggggggggggggggggggggggggggggggggggggggggggggggggg]
	at org.testng.Assert.fail(Assert.java:110)
	at org.testng.Assert.failNotEquals(Assert.java:1413)
	at org.testng.Assert.assertEqualsImpl(Assert.java:149)
	at org.testng.Assert.assertEquals(Assert.java:131)
	at org.testng.Assert.assertEquals(Assert.java:655)
	at org.testng.Assert.assertEquals(Assert.java:665)
	at cucumber.framework.runner.jcadmin.JCAdminAboutAddTrainerNegativeImpl.ab007n_admin_menekan_tombol_simpan_dan_cari_trainer_input_nama500_karakter(JCAdminAboutAddTrainerNegativeImpl.java:208)
	at ✽.AB007N Admin menekan tombol simpan dan cari trainer input nama500 karakter(file:///C:/TRAINING/TA/TA-NICO/TA-NICO/src/main/resources/jcadmin/005About002AddTrainerNegative.feature:43)
</pre></div><a href='#' onClick='toggleBox("stack-trace531076772", this, "Click to show all stack frames", "Click to hide stack frames")'>Click to show all stack frames</a>
<div class='stack-trace' id='stack-trace531076772'><pre>java.lang.AssertionError: expected [NicoArdyTestPanjangggggggggggggggggggggggggggggggggggggggggggggggggggggggggggggggggggggggggggggggggggggggggggggggggggggggggggggggggggggggggggggggggggggggggggggggggggggggggggggggggggggggggggggggggggggggggggggggggggggggggggggggggggggggggggggggggggggggggggggggggggggggggggggggggggggggggggggggggggggggggggggggggggggggggggggggggggggggggggggggggggggggggggggggggggggggggggggggggggggggggggggggggggggggggggggggggggggggggggggggggggggggggggggggggggggggggggggggggggggggggggggggggggggggggggggggggggggggggggggggggg] but found [NicoArdyTestPanjangggggggggggggggggggggggggggggggggggggggggggggggggggggggggggggggggggggggggggggggggg]
	at org.testng.Assert.fail(Assert.java:110)
	at org.testng.Assert.failNotEquals(Assert.java:1413)
	at org.testng.Assert.assertEqualsImpl(Assert.java:149)
	at org.testng.Assert.assertEquals(Assert.java:131)
	at org.testng.Assert.assertEquals(Assert.java:655)
	at org.testng.Assert.assertEquals(Assert.java:665)
	at cucumber.framework.runner.jcadmin.JCAdminAboutAddTrainerNegativeImpl.ab007n_admin_menekan_tombol_simpan_dan_cari_trainer_input_nama500_karakter(JCAdminAboutAddTrainerNegativeImpl.java:208)
	at ✽.AB007N Admin menekan tombol simpan dan cari trainer input nama500 karakter(file:///C:/TRAINING/TA/TA-NICO/TA-NICO/src/main/resources/jcadmin/005About002AddTrainerNegative.feature:43)
</pre></div></td>
<td>28</td>
<td>cucumber.framework.runner.jcadmin.JCAdminRunner@2767e23c</td></tr>
<tr>
<td title='cucumber.framework.runner.jcadmin.JCAdminRunner.runScenario()'><b>runScenario</b><br>Test class: cucumber.framework.runner.jcadmin.JCAdminRunner<br>Test method: Runs Cucumber Scenarios<br>Parameters: "Mengubah nilai value dari Content", "Mencari dan Mengedit Blog Negative"</td>
<td><div><pre>java.lang.AssertionError: expected [Cek Isi Content] but found [lsdkof sfp opkdfkpskfs kf seofkokeof okfokef osefokesf efokefpokfok &lt;&gt;]
	at org.testng.Assert.fail(Assert.java:110)
	at org.testng.Assert.failNotEquals(Assert.java:1413)
	at org.testng.Assert.assertEqualsImpl(Assert.java:149)
	at org.testng.Assert.assertEquals(Assert.java:131)
	at org.testng.Assert.assertEquals(Assert.java:655)
	at org.testng.Assert.assertEquals(Assert.java:665)
	at cucumber.framework.runner.jcadmin.JCAdminBlogFindAndEditNegativeImpl.kode_admin_menekan_kotak_blog_untuk_validasi_case_bernilai_ubah(JCAdminBlogFindAndEditNegativeImpl.java:167)
	at ✽.BL010N Admin menekan kotak blog untuk validasi Content bernilai Cek Isi Content(file:///C:/TRAINING/TA/TA-NICO/TA-NICO/src/main/resources/jcadmin/006Blog005FindAndEditBlogNegative.feature:40)
</pre></div><a href='#' onClick='toggleBox("stack-trace1695834039", this, "Click to show all stack frames", "Click to hide stack frames")'>Click to show all stack frames</a>
<div class='stack-trace' id='stack-trace1695834039'><pre>java.lang.AssertionError: expected [Cek Isi Content] but found [lsdkof sfp opkdfkpskfs kf seofkokeof okfokef osefokesf efokefpokfok &lt;&gt;]
	at org.testng.Assert.fail(Assert.java:110)
	at org.testng.Assert.failNotEquals(Assert.java:1413)
	at org.testng.Assert.assertEqualsImpl(Assert.java:149)
	at org.testng.Assert.assertEquals(Assert.java:131)
	at org.testng.Assert.assertEquals(Assert.java:655)
	at org.testng.Assert.assertEquals(Assert.java:665)
	at cucumber.framework.runner.jcadmin.JCAdminBlogFindAndEditNegativeImpl.kode_admin_menekan_kotak_blog_untuk_validasi_case_bernilai_ubah(JCAdminBlogFindAndEditNegativeImpl.java:167)
	at ✽.BL010N Admin menekan kotak blog untuk validasi Content bernilai Cek Isi Content(file:///C:/TRAINING/TA/TA-NICO/TA-NICO/src/main/resources/jcadmin/006Blog005FindAndEditBlogNegative.feature:40)
</pre></div></td>
<td>28</td>
<td>cucumber.framework.runner.jcadmin.JCAdminRunner@2767e23c</td></tr>
<tr>
<td title='cucumber.framework.runner.jcadmin.JCAdminRunner.runScenario()'><b>runScenario</b><br>Test class: cucumber.framework.runner.jcadmin.JCAdminRunner<br>Test method: Runs Cucumber Scenarios<br>Parameters: "Tambah trainer negative input jabatan500 karakter", "Menambah About Negative"</td>
<td><div><pre>java.lang.AssertionError: expected [NicoArdyTestJabatanPanjanggggggggggggggggggggggggggggggggggggggggggggggggggggggggggggggggggggggggggggggggggggggggggggggggggggggggggggggggggggggggggggggggggggggggggggggggggggggggggggggggggggggggggggggggggggggggggggggggggggggggggggggggggggggggggggggggggggggggggggggggggggggggggggggggggggggggggggggggggggggggggggggggggggggggggggggggggggggggggggggggggggggggggggggggggggggggggggggggggggggggggggggggggggggggggggggggggggggggggggggggggggggggggggggggggggggggggggggggggggggggggggggggggggggggggggggggggggggggggg] but found [NicoArdyTestJabatanPanjanggggggggggggggggggggggggggggggggggggggggggggggggggggggggggggggggggggggggggggggggggggggggggggggggggggggggggggggggggggggggggggggggggggggggggggggggggggggggggggggggggggggggggggggg]
	at org.testng.Assert.fail(Assert.java:110)
	at org.testng.Assert.failNotEquals(Assert.java:1413)
	at org.testng.Assert.assertEqualsImpl(Assert.java:149)
	at org.testng.Assert.assertEquals(Assert.java:131)
	at org.testng.Assert.assertEquals(Assert.java:655)
	at org.testng.Assert.assertEquals(Assert.java:665)
	at cucumber.framework.runner.jcadmin.JCAdminAboutAddTrainerNegativeImpl.ab008n_admin_menekan_tombol_simpan_dan_cari_trainer_input_jabatan500_karakter(JCAdminAboutAddTrainerNegativeImpl.java:247)
	at ✽.AB008N Admin menekan tombol simpan dan cari trainer input jabatan500 karakter(file:///C:/TRAINING/TA/TA-NICO/TA-NICO/src/main/resources/jcadmin/005About002AddTrainerNegative.feature:50)
</pre></div><a href='#' onClick='toggleBox("stack-trace997722972", this, "Click to show all stack frames", "Click to hide stack frames")'>Click to show all stack frames</a>
<div class='stack-trace' id='stack-trace997722972'><pre>java.lang.AssertionError: expected [NicoArdyTestJabatanPanjanggggggggggggggggggggggggggggggggggggggggggggggggggggggggggggggggggggggggggggggggggggggggggggggggggggggggggggggggggggggggggggggggggggggggggggggggggggggggggggggggggggggggggggggggggggggggggggggggggggggggggggggggggggggggggggggggggggggggggggggggggggggggggggggggggggggggggggggggggggggggggggggggggggggggggggggggggggggggggggggggggggggggggggggggggggggggggggggggggggggggggggggggggggggggggggggggggggggggggggggggggggggggggggggggggggggggggggggggggggggggggggggggggggggggggggggggggggggggggg] but found [NicoArdyTestJabatanPanjanggggggggggggggggggggggggggggggggggggggggggggggggggggggggggggggggggggggggggggggggggggggggggggggggggggggggggggggggggggggggggggggggggggggggggggggggggggggggggggggggggggggggggggggg]
	at org.testng.Assert.fail(Assert.java:110)
	at org.testng.Assert.failNotEquals(Assert.java:1413)
	at org.testng.Assert.assertEqualsImpl(Assert.java:149)
	at org.testng.Assert.assertEquals(Assert.java:131)
	at org.testng.Assert.assertEquals(Assert.java:655)
	at org.testng.Assert.assertEquals(Assert.java:665)
	at cucumber.framework.runner.jcadmin.JCAdminAboutAddTrainerNegativeImpl.ab008n_admin_menekan_tombol_simpan_dan_cari_trainer_input_jabatan500_karakter(JCAdminAboutAddTrainerNegativeImpl.java:247)
	at ✽.AB008N Admin menekan tombol simpan dan cari trainer input jabatan500 karakter(file:///C:/TRAINING/TA/TA-NICO/TA-NICO/src/main/resources/jcadmin/005About002AddTrainerNegative.feature:50)
</pre></div></td>
<td>29</td>
<td>cucumber.framework.runner.jcadmin.JCAdminRunner@2767e23c</td></tr>
<tr>
<td title='cucumber.framework.runner.jcadmin.JCAdminRunner.runScenario()'><b>runScenario</b><br>Test class: cucumber.framework.runner.jcadmin.JCAdminRunner<br>Test method: Runs Cucumber Scenarios<br>Parameters: "Admin mengubah status blog set to home No ke Yes", "Mencari dan Mengedit Blog Negative"</td>
<td><div><pre>java.lang.AssertionError: expected [Yes] but found [No]
	at org.testng.Assert.fail(Assert.java:110)
	at org.testng.Assert.failNotEquals(Assert.java:1413)
	at org.testng.Assert.assertEqualsImpl(Assert.java:149)
	at org.testng.Assert.assertEquals(Assert.java:131)
	at org.testng.Assert.assertEquals(Assert.java:655)
	at org.testng.Assert.assertEquals(Assert.java:665)
	at cucumber.framework.runner.jcadmin.JCAdminBlogFindAndEditNegativeImpl.kode_admin_menekan_tombol_simpan_edit_status_status_menjadi_ubah(JCAdminBlogFindAndEditNegativeImpl.java:119)
	at ✽.BL007N Admin menekan tombol simpan edit status set to home No menjadi Yes(file:///C:/TRAINING/TA/TA-NICO/TA-NICO/src/main/resources/jcadmin/006Blog005FindAndEditBlogNegative.feature:23)
</pre></div><a href='#' onClick='toggleBox("stack-trace962090205", this, "Click to show all stack frames", "Click to hide stack frames")'>Click to show all stack frames</a>
<div class='stack-trace' id='stack-trace962090205'><pre>java.lang.AssertionError: expected [Yes] but found [No]
	at org.testng.Assert.fail(Assert.java:110)
	at org.testng.Assert.failNotEquals(Assert.java:1413)
	at org.testng.Assert.assertEqualsImpl(Assert.java:149)
	at org.testng.Assert.assertEquals(Assert.java:131)
	at org.testng.Assert.assertEquals(Assert.java:655)
	at org.testng.Assert.assertEquals(Assert.java:665)
	at cucumber.framework.runner.jcadmin.JCAdminBlogFindAndEditNegativeImpl.kode_admin_menekan_tombol_simpan_edit_status_status_menjadi_ubah(JCAdminBlogFindAndEditNegativeImpl.java:119)
	at ✽.BL007N Admin menekan tombol simpan edit status set to home No menjadi Yes(file:///C:/TRAINING/TA/TA-NICO/TA-NICO/src/main/resources/jcadmin/006Blog005FindAndEditBlogNegative.feature:23)
</pre></div></td>
<td>16</td>
<td>cucumber.framework.runner.jcadmin.JCAdminRunner@2767e23c</td></tr>
<tr>
<td title='cucumber.framework.runner.jcadmin.JCAdminRunner.runScenario()'><b>runScenario</b><br>Test class: cucumber.framework.runner.jcadmin.JCAdminRunner<br>Test method: Runs Cucumber Scenarios<br>Parameters: "Admin mengubah judul blog", "Mencari dan Mengedit Blog Negative"</td>
<td><div><pre>org.openqa.selenium.ElementNotInteractableException: element not interactable
  (Session info: chrome=106.0.5249.103)
Build info: version: &apos;4.4.0&apos;, revision: &apos;e5c75ed026a&apos;
System info: host: &apos;DESKTOP-7EJ77M7&apos;, ip: &apos;10.107.104.90&apos;, os.name: &apos;Windows 10&apos;, os.arch: &apos;amd64&apos;, os.version: &apos;10.0&apos;, java.version: &apos;17.0.4&apos;
Driver info: org.openqa.selenium.chrome.ChromeDriver
Command: [d149493003dc10407a7c02d98fea8536, sendKeysToElement {id=0e6ae140-f514-4fc8-ae5d-bda75b5cb2ff, value=[Ljava.lang.CharSequence;@1c3400df}]
Capabilities {acceptInsecureCerts: false, browserName: chrome, browserVersion: 106.0.5249.103, chrome: {chromedriverVersion: 106.0.5249.61 (511755355844..., userDataDir: C:\Users\NEXSOFT\AppData\Lo...}, goog:chromeOptions: {debuggerAddress: localhost:53603}, networkConnectionEnabled: false, pageLoadStrategy: normal, platformName: WINDOWS, proxy: Proxy(), se:cdp: ws://localhost:53603/devtoo..., se:cdpVersion: 106.0.5249.103, setWindowRect: true, strictFileInteractability: false, timeouts: {implicit: 0, pageLoad: 300000, script: 30000}, unhandledPromptBehavior: dismiss and notify, webauthn:extension:credBlob: true, webauthn:extension:largeBlob: true, webauthn:virtualAuthenticators: true}
Element: [[ChromeDriver: chrome on WINDOWS (d149493003dc10407a7c02d98fea8536)] -&gt; xpath: //input[@id=&apos;judul&apos;]]
Session ID: d149493003dc10407a7c02d98fea8536
	at java.base/jdk.internal.reflect.NativeConstructorAccessorImpl.newInstance0(Native Method)
	at java.base/jdk.internal.reflect.NativeConstructorAccessorImpl.newInstance(NativeConstructorAccessorImpl.java:77)
	at java.base/jdk.internal.reflect.DelegatingConstructorAccessorImpl.newInstance(DelegatingConstructorAccessorImpl.java:45)
	at java.base/java.lang.reflect.Constructor.newInstanceWithCaller(Constructor.java:499)
	at java.base/java.lang.reflect.Constructor.newInstance(Constructor.java:480)
	at org.openqa.selenium.remote.codec.w3c.W3CHttpResponseCodec.createException(W3CHttpResponseCodec.java:200)
	at org.openqa.selenium.remote.codec.w3c.W3CHttpResponseCodec.decode(W3CHttpResponseCodec.java:133)
	at org.openqa.selenium.remote.codec.w3c.W3CHttpResponseCodec.decode(W3CHttpResponseCodec.java:53)
	at org.openqa.selenium.remote.HttpCommandExecutor.execute(HttpCommandExecutor.java:184)
	at org.openqa.selenium.remote.service.DriverCommandExecutor.invokeExecute(DriverCommandExecutor.java:167)
	at org.openqa.selenium.remote.service.DriverCommandExecutor.execute(DriverCommandExecutor.java:142)
	at org.openqa.selenium.remote.RemoteWebDriver.execute(RemoteWebDriver.java:547)
	at org.openqa.selenium.remote.RemoteWebElement.execute(RemoteWebElement.java:257)
	at org.openqa.selenium.remote.RemoteWebElement.sendKeys(RemoteWebElement.java:113)
	at jdk.internal.reflect.GeneratedMethodAccessor107.invoke(Unknown Source)
	at java.base/jdk.internal.reflect.DelegatingMethodAccessorImpl.invoke(DelegatingMethodAccessorImpl.java:43)
	at java.base/java.lang.reflect.Method.invoke(Method.java:568)
	at org.openqa.selenium.support.pagefactory.internal.LocatingElementHandler.invoke(LocatingElementHandler.java:52)
	at jdk.proxy2/jdk.proxy2.$Proxy31.sendKeys(Unknown Source)
	at cucumber.framework.page.jcadmin.JCAdminBlogPage.editJudulBlog(JCAdminBlogPage.java:198)
	at cucumber.framework.runner.jcadmin.JCAdminBlogFindAndEditNegativeImpl.bl002n_admin_mengubah_judul_blog_edit_judul(JCAdminBlogFindAndEditNegativeImpl.java:78)
	at ✽.BL002N Admin mengubah judul blog edit judul(file:///C:/TRAINING/TA/TA-NICO/TA-NICO/src/main/resources/jcadmin/006Blog005FindAndEditBlogNegative.feature:17)
</pre></div><a href='#' onClick='toggleBox("stack-trace182999725", this, "Click to show all stack frames", "Click to hide stack frames")'>Click to show all stack frames</a>
<div class='stack-trace' id='stack-trace182999725'><pre>org.openqa.selenium.ElementNotInteractableException: element not interactable
  (Session info: chrome=106.0.5249.103)
Build info: version: &apos;4.4.0&apos;, revision: &apos;e5c75ed026a&apos;
System info: host: &apos;DESKTOP-7EJ77M7&apos;, ip: &apos;10.107.104.90&apos;, os.name: &apos;Windows 10&apos;, os.arch: &apos;amd64&apos;, os.version: &apos;10.0&apos;, java.version: &apos;17.0.4&apos;
Driver info: org.openqa.selenium.chrome.ChromeDriver
Command: [d149493003dc10407a7c02d98fea8536, sendKeysToElement {id=0e6ae140-f514-4fc8-ae5d-bda75b5cb2ff, value=[Ljava.lang.CharSequence;@1c3400df}]
Capabilities {acceptInsecureCerts: false, browserName: chrome, browserVersion: 106.0.5249.103, chrome: {chromedriverVersion: 106.0.5249.61 (511755355844..., userDataDir: C:\Users\NEXSOFT\AppData\Lo...}, goog:chromeOptions: {debuggerAddress: localhost:53603}, networkConnectionEnabled: false, pageLoadStrategy: normal, platformName: WINDOWS, proxy: Proxy(), se:cdp: ws://localhost:53603/devtoo..., se:cdpVersion: 106.0.5249.103, setWindowRect: true, strictFileInteractability: false, timeouts: {implicit: 0, pageLoad: 300000, script: 30000}, unhandledPromptBehavior: dismiss and notify, webauthn:extension:credBlob: true, webauthn:extension:largeBlob: true, webauthn:virtualAuthenticators: true}
Element: [[ChromeDriver: chrome on WINDOWS (d149493003dc10407a7c02d98fea8536)] -&gt; xpath: //input[@id=&apos;judul&apos;]]
Session ID: d149493003dc10407a7c02d98fea8536
	at java.base/jdk.internal.reflect.NativeConstructorAccessorImpl.newInstance0(Native Method)
	at java.base/jdk.internal.reflect.NativeConstructorAccessorImpl.newInstance(NativeConstructorAccessorImpl.java:77)
	at java.base/jdk.internal.reflect.DelegatingConstructorAccessorImpl.newInstance(DelegatingConstructorAccessorImpl.java:45)
	at java.base/java.lang.reflect.Constructor.newInstanceWithCaller(Constructor.java:499)
	at java.base/java.lang.reflect.Constructor.newInstance(Constructor.java:480)
	at org.openqa.selenium.remote.codec.w3c.W3CHttpResponseCodec.createException(W3CHttpResponseCodec.java:200)
	at org.openqa.selenium.remote.codec.w3c.W3CHttpResponseCodec.decode(W3CHttpResponseCodec.java:133)
	at org.openqa.selenium.remote.codec.w3c.W3CHttpResponseCodec.decode(W3CHttpResponseCodec.java:53)
	at org.openqa.selenium.remote.HttpCommandExecutor.execute(HttpCommandExecutor.java:184)
	at org.openqa.selenium.remote.service.DriverCommandExecutor.invokeExecute(DriverCommandExecutor.java:167)
	at org.openqa.selenium.remote.service.DriverCommandExecutor.execute(DriverCommandExecutor.java:142)
	at org.openqa.selenium.remote.RemoteWebDriver.execute(RemoteWebDriver.java:547)
	at org.openqa.selenium.remote.RemoteWebElement.execute(RemoteWebElement.java:257)
	at org.openqa.selenium.remote.RemoteWebElement.sendKeys(RemoteWebElement.java:113)
	at jdk.internal.reflect.GeneratedMethodAccessor107.invoke(Unknown Source)
	at java.base/jdk.internal.reflect.DelegatingMethodAccessorImpl.invoke(DelegatingMethodAccessorImpl.java:43)
	at java.base/java.lang.reflect.Method.invoke(Method.java:568)
	at org.openqa.selenium.support.pagefactory.internal.LocatingElementHandler.invoke(LocatingElementHandler.java:52)
	at jdk.proxy2/jdk.proxy2.$Proxy31.sendKeys(Unknown Source)
	at cucumber.framework.page.jcadmin.JCAdminBlogPage.editJudulBlog(JCAdminBlogPage.java:198)
	at cucumber.framework.runner.jcadmin.JCAdminBlogFindAndEditNegativeImpl.bl002n_admin_mengubah_judul_blog_edit_judul(JCAdminBlogFindAndEditNegativeImpl.java:78)
	at ✽.BL002N Admin mengubah judul blog edit judul(file:///C:/TRAINING/TA/TA-NICO/TA-NICO/src/main/resources/jcadmin/006Blog005FindAndEditBlogNegative.feature:17)
</pre></div></td>
<td>13</td>
<td>cucumber.framework.runner.jcadmin.JCAdminRunner@2767e23c</td></tr>
<tr>
<td title='cucumber.framework.runner.jcadmin.JCAdminRunner.runScenario()'><b>runScenario</b><br>Test class: cucumber.framework.runner.jcadmin.JCAdminRunner<br>Test method: Runs Cucumber Scenarios<br>Parameters: "Mengubah nilai value dari Content Preview", "Mencari dan Mengedit Blog Negative"</td>
<td><div><pre>java.lang.AssertionError: expected [Cek Content Preview] but found [lsdkof sfp opkdfkpskfs kf seofkokeof okfokef osefokesf efokefpokfok &lt;&gt;]
	at org.testng.Assert.fail(Assert.java:110)
	at org.testng.Assert.failNotEquals(Assert.java:1413)
	at org.testng.Assert.assertEqualsImpl(Assert.java:149)
	at org.testng.Assert.assertEquals(Assert.java:131)
	at org.testng.Assert.assertEquals(Assert.java:655)
	at org.testng.Assert.assertEquals(Assert.java:665)
	at cucumber.framework.runner.jcadmin.JCAdminBlogFindAndEditNegativeImpl.kode_admin_menekan_kotak_blog_untuk_validasi_case_bernilai_ubah(JCAdminBlogFindAndEditNegativeImpl.java:169)
	at ✽.BL009N Admin menekan kotak blog untuk validasi Content Preview bernilai Cek Content Preview(file:///C:/TRAINING/TA/TA-NICO/TA-NICO/src/main/resources/jcadmin/006Blog005FindAndEditBlogNegative.feature:40)
</pre></div><a href='#' onClick='toggleBox("stack-trace396265561", this, "Click to show all stack frames", "Click to hide stack frames")'>Click to show all stack frames</a>
<div class='stack-trace' id='stack-trace396265561'><pre>java.lang.AssertionError: expected [Cek Content Preview] but found [lsdkof sfp opkdfkpskfs kf seofkokeof okfokef osefokesf efokefpokfok &lt;&gt;]
	at org.testng.Assert.fail(Assert.java:110)
	at org.testng.Assert.failNotEquals(Assert.java:1413)
	at org.testng.Assert.assertEqualsImpl(Assert.java:149)
	at org.testng.Assert.assertEquals(Assert.java:131)
	at org.testng.Assert.assertEquals(Assert.java:655)
	at org.testng.Assert.assertEquals(Assert.java:665)
	at cucumber.framework.runner.jcadmin.JCAdminBlogFindAndEditNegativeImpl.kode_admin_menekan_kotak_blog_untuk_validasi_case_bernilai_ubah(JCAdminBlogFindAndEditNegativeImpl.java:169)
	at ✽.BL009N Admin menekan kotak blog untuk validasi Content Preview bernilai Cek Content Preview(file:///C:/TRAINING/TA/TA-NICO/TA-NICO/src/main/resources/jcadmin/006Blog005FindAndEditBlogNegative.feature:40)
</pre></div></td>
<td>28</td>
<td>cucumber.framework.runner.jcadmin.JCAdminRunner@2767e23c</td></tr>
<tr>
<td title='cucumber.framework.runner.jcadmin.JCAdminRunner.runScenario()'><b>runScenario</b><br>Test class: cucumber.framework.runner.jcadmin.JCAdminRunner<br>Test method: Runs Cucumber Scenarios<br>Parameters: "Admin mengubah status blog publish No Active ke Active", "Mencari dan Mengedit Blog Negative"</td>
<td><div><pre>java.lang.AssertionError: expected [Active] but found [No Active]
	at org.testng.Assert.fail(Assert.java:110)
	at org.testng.Assert.failNotEquals(Assert.java:1413)
	at org.testng.Assert.assertEqualsImpl(Assert.java:149)
	at org.testng.Assert.assertEquals(Assert.java:131)
	at org.testng.Assert.assertEquals(Assert.java:655)
	at org.testng.Assert.assertEquals(Assert.java:665)
	at cucumber.framework.runner.jcadmin.JCAdminBlogFindAndEditNegativeImpl.kode_admin_menekan_tombol_simpan_edit_status_status_menjadi_ubah(JCAdminBlogFindAndEditNegativeImpl.java:117)
	at ✽.BL005N Admin menekan tombol simpan edit status publish No Active menjadi Active(file:///C:/TRAINING/TA/TA-NICO/TA-NICO/src/main/resources/jcadmin/006Blog005FindAndEditBlogNegative.feature:23)
</pre></div><a href='#' onClick='toggleBox("stack-trace1521553533", this, "Click to show all stack frames", "Click to hide stack frames")'>Click to show all stack frames</a>
<div class='stack-trace' id='stack-trace1521553533'><pre>java.lang.AssertionError: expected [Active] but found [No Active]
	at org.testng.Assert.fail(Assert.java:110)
	at org.testng.Assert.failNotEquals(Assert.java:1413)
	at org.testng.Assert.assertEqualsImpl(Assert.java:149)
	at org.testng.Assert.assertEquals(Assert.java:131)
	at org.testng.Assert.assertEquals(Assert.java:655)
	at org.testng.Assert.assertEquals(Assert.java:665)
	at cucumber.framework.runner.jcadmin.JCAdminBlogFindAndEditNegativeImpl.kode_admin_menekan_tombol_simpan_edit_status_status_menjadi_ubah(JCAdminBlogFindAndEditNegativeImpl.java:117)
	at ✽.BL005N Admin menekan tombol simpan edit status publish No Active menjadi Active(file:///C:/TRAINING/TA/TA-NICO/TA-NICO/src/main/resources/jcadmin/006Blog005FindAndEditBlogNegative.feature:23)
</pre></div></td>
<td>16</td>
<td>cucumber.framework.runner.jcadmin.JCAdminRunner@2767e23c</td></tr>
<tr>
<td title='cucumber.framework.runner.jcadmin.JCAdminRunner.runScenario()'><b>runScenario</b><br>Test class: cucumber.framework.runner.jcadmin.JCAdminRunner<br>Test method: Runs Cucumber Scenarios<br>Parameters: "Admin mengubah status blog set to home Yes ke No", "Mencari dan Mengedit Blog Negative"</td>
<td><div><pre>java.lang.AssertionError: expected [No] but found [Yes]
	at org.testng.Assert.fail(Assert.java:110)
	at org.testng.Assert.failNotEquals(Assert.java:1413)
	at org.testng.Assert.assertEqualsImpl(Assert.java:149)
	at org.testng.Assert.assertEquals(Assert.java:131)
	at org.testng.Assert.assertEquals(Assert.java:655)
	at org.testng.Assert.assertEquals(Assert.java:665)
	at cucumber.framework.runner.jcadmin.JCAdminBlogFindAndEditNegativeImpl.kode_admin_menekan_tombol_simpan_edit_status_status_menjadi_ubah(JCAdminBlogFindAndEditNegativeImpl.java:119)
	at ✽.BL008N Admin menekan tombol simpan edit status set to home Yes menjadi No(file:///C:/TRAINING/TA/TA-NICO/TA-NICO/src/main/resources/jcadmin/006Blog005FindAndEditBlogNegative.feature:23)
</pre></div><a href='#' onClick='toggleBox("stack-trace568535158", this, "Click to show all stack frames", "Click to hide stack frames")'>Click to show all stack frames</a>
<div class='stack-trace' id='stack-trace568535158'><pre>java.lang.AssertionError: expected [No] but found [Yes]
	at org.testng.Assert.fail(Assert.java:110)
	at org.testng.Assert.failNotEquals(Assert.java:1413)
	at org.testng.Assert.assertEqualsImpl(Assert.java:149)
	at org.testng.Assert.assertEquals(Assert.java:131)
	at org.testng.Assert.assertEquals(Assert.java:655)
	at org.testng.Assert.assertEquals(Assert.java:665)
	at cucumber.framework.runner.jcadmin.JCAdminBlogFindAndEditNegativeImpl.kode_admin_menekan_tombol_simpan_edit_status_status_menjadi_ubah(JCAdminBlogFindAndEditNegativeImpl.java:119)
	at ✽.BL008N Admin menekan tombol simpan edit status set to home Yes menjadi No(file:///C:/TRAINING/TA/TA-NICO/TA-NICO/src/main/resources/jcadmin/006Blog005FindAndEditBlogNegative.feature:23)
</pre></div></td>
<td>16</td>
<td>cucumber.framework.runner.jcadmin.JCAdminRunner@2767e23c</td></tr>
<tr>
<td title='cucumber.framework.runner.jcadmin.JCAdminRunner.runScenario()'><b>runScenario</b><br>Test class: cucumber.framework.runner.jcadmin.JCAdminRunner<br>Test method: Runs Cucumber Scenarios<br>Parameters: "Mencari data trainer dengan nama500 karakter", "Mencari Trainer dan Berpindah Halaman Negative"</td>
<td><div><pre>org.openqa.selenium.TimeoutException: Expected condition failed: waiting for visibility of Proxy element for: DefaultElementLocator &apos;By.xpath: //figure[1]//a[1]//div[1]//p[2]&apos; (tried for 10 second(s) with 500 milliseconds interval)
	at org.openqa.selenium.support.ui.WebDriverWait.timeoutException(WebDriverWait.java:87)
	at org.openqa.selenium.support.ui.FluentWait.until(FluentWait.java:231)
	at cucumber.framework.page.jcadmin.JCAdminAboutPage.driverWaitTxt(JCAdminAboutPage.java:35)
	at cucumber.framework.page.jcadmin.JCAdminAboutPage.getValidNamaTrainerLength(JCAdminAboutPage.java:259)
	at cucumber.framework.runner.jcadmin.JCAdminAboutFindAndMoveNegativeImpl.kode_admin_menemukan_cari_atau_tidak_case(JCAdminAboutFindAndMoveNegativeImpl.java:48)
	at ✽.AB010N Admin menemukan NicoArdyTestPanjangggggggggggggggggggggggggggggggggggggggggggggggggggggggggggggggggggggggggggggggggggggggggggggggggggggggggggggggggggggggggggggggggggggggggggggggggggggggggggggggggggggggggggggggggggggggggggggggggggggggggggggggggggggggggggggggggggggggggggggggggggggggggggggggggggggggggggggggggggggggggggggggggggggggggggggggggggggggggggggggggggggggggggggggggggggggggggggggggggggggggggggggggggggggggggggggggggggggggggggggggggggggggggggggggggggggggggggggggggggggggggggggggggggggggggggggggggggggggggggggggg atau tidak nama500 karakter(file:///C:/TRAINING/TA/TA-NICO/TA-NICO/src/main/resources/jcadmin/005About004FindAndMoveNegative.feature:9)
Caused by: org.openqa.selenium.NoSuchElementException: no such element: Unable to locate element: {&quot;method&quot;:&quot;xpath&quot;,&quot;selector&quot;:&quot;//figure[1]//a[1]//div[1]//p[2]&quot;}
  (Session info: chrome=106.0.5249.103)
For documentation on this error, please visit: https://selenium.dev/exceptions/#no_such_element
Build info: version: &apos;4.4.0&apos;, revision: &apos;e5c75ed026a&apos;
System info: host: &apos;DESKTOP-7EJ77M7&apos;, ip: &apos;10.107.104.90&apos;, os.name: &apos;Windows 10&apos;, os.arch: &apos;amd64&apos;, os.version: &apos;10.0&apos;, java.version: &apos;17.0.4&apos;
Driver info: org.openqa.selenium.chrome.ChromeDriver
Command: [d149493003dc10407a7c02d98fea8536, findElement {using=xpath, value=//figure[1]//a[1]//div[1]//p[2]}]
Capabilities {acceptInsecureCerts: false, browserName: chrome, browserVersion: 106.0.5249.103, chrome: {chromedriverVersion: 106.0.5249.61 (511755355844..., userDataDir: C:\Users\NEXSOFT\AppData\Lo...}, goog:chromeOptions: {debuggerAddress: localhost:53603}, networkConnectionEnabled: false, pageLoadStrategy: normal, platformName: WINDOWS, proxy: Proxy(), se:cdp: ws://localhost:53603/devtoo..., se:cdpVersion: 106.0.5249.103, setWindowRect: true, strictFileInteractability: false, timeouts: {implicit: 0, pageLoad: 300000, script: 30000}, unhandledPromptBehavior: dismiss and notify, webauthn:extension:credBlob: true, webauthn:extension:largeBlob: true, webauthn:virtualAuthenticators: true}
Session ID: d149493003dc10407a7c02d98fea8536
	at java.base/jdk.internal.reflect.NativeConstructorAccessorImpl.newInstance0(Native Method)
	at java.base/jdk.internal.reflect.NativeConstructorAccessorImpl.newInstance(NativeConstructorAccessorImpl.java:77)
	at java.base/jdk.internal.reflect.DelegatingConstructorAccessorImpl.newInstance(DelegatingConstructorAccessorImpl.java:45)
	at java.base/java.lang.reflect.Constructor.newInstanceWithCaller(Constructor.java:499)
	at java.base/java.lang.reflect.Constructor.newInstance(Constructor.java:480)
	at org.openqa.selenium.remote.codec.w3c.W3CHttpResponseCodec.createException(W3CHttpResponseCodec.java:200)
	at org.openqa.selenium.remote.codec.w3c.W3CHttpResponseCodec.decode(W3CHttpResponseCodec.java:133)
	at org.openqa.selenium.remote.codec.w3c.W3CHttpResponseCodec.decode(W3CHttpResponseCodec.java:53)
	at org.openqa.selenium.remote.HttpCommandExecutor.execute(HttpCommandExecutor.java:184)
	at org.openqa.selenium.remote.service.DriverCommandExecutor.invokeExecute(DriverCommandExecutor.java:167)
	at org.openqa.selenium.remote.service.DriverCommandExecutor.execute(DriverCommandExecutor.java:142)
	at org.openqa.selenium.remote.RemoteWebDriver.execute(RemoteWebDriver.java:547)
	at org.openqa.selenium.remote.ElementLocation$ElementFinder$2.findElement(ElementLocation.java:162)
	at org.openqa.selenium.remote.ElementLocation.findElement(ElementLocation.java:60)
	at org.openqa.selenium.remote.RemoteWebDriver.findElement(RemoteWebDriver.java:365)
	at org.openqa.selenium.remote.RemoteWebDriver.findElement(RemoteWebDriver.java:357)
	at org.openqa.selenium.support.pagefactory.DefaultElementLocator.findElement(DefaultElementLocator.java:70)
	at org.openqa.selenium.support.pagefactory.internal.LocatingElementHandler.invoke(LocatingElementHandler.java:39)
	at jdk.proxy2/jdk.proxy2.$Proxy31.isDisplayed(Unknown Source)
	at org.openqa.selenium.support.ui.ExpectedConditions.elementIfVisible(ExpectedConditions.java:307)
	at org.openqa.selenium.support.ui.ExpectedConditions.access$000(ExpectedConditions.java:40)
	at org.openqa.selenium.support.ui.ExpectedConditions$10.apply(ExpectedConditions.java:293)
	at org.openqa.selenium.support.ui.ExpectedConditions$10.apply(ExpectedConditions.java:290)
	at org.openqa.selenium.support.ui.FluentWait.until(FluentWait.java:208)
	at cucumber.framework.page.jcadmin.JCAdminAboutPage.driverWaitTxt(JCAdminAboutPage.java:35)
	at cucumber.framework.page.jcadmin.JCAdminAboutPage.getValidNamaTrainerLength(JCAdminAboutPage.java:259)
	at cucumber.framework.runner.jcadmin.JCAdminAboutFindAndMoveNegativeImpl.kode_admin_menemukan_cari_atau_tidak_case(JCAdminAboutFindAndMoveNegativeImpl.java:48)
	at java.base/jdk.internal.reflect.NativeMethodAccessorImpl.invoke0(Native Method)
	at java.base/jdk.internal.reflect.NativeMethodAccessorImpl.invoke(NativeMethodAccessorImpl.java:77)
	at java.base/jdk.internal.reflect.DelegatingMethodAccessorImpl.invoke(DelegatingMethodAccessorImpl.java:43)
	at java.base/java.lang.reflect.Method.invoke(Method.java:568)
	at io.cucumber.java.Invoker.doInvoke(Invoker.java:66)
	at io.cucumber.java.Invoker.invoke(Invoker.java:24)
	at io.cucumber.java.AbstractGlueDefinition.invokeMethod(AbstractGlueDefinition.java:47)
	at io.cucumber.java.JavaStepDefinition.execute(JavaStepDefinition.java:29)
	at io.cucumber.core.runner.CoreStepDefinition.execute(CoreStepDefinition.java:66)
	at io.cucumber.core.runner.PickleStepDefinitionMatch.runStep(PickleStepDefinitionMatch.java:63)
	at io.cucumber.core.runner.ExecutionMode$1.execute(ExecutionMode.java:10)
	at io.cucumber.core.runner.TestStep.executeStep(TestStep.java:85)
	at io.cucumber.core.runner.TestStep.run(TestStep.java:57)
	at io.cucumber.core.runner.PickleStepTestStep.run(PickleStepTestStep.java:51)
	at io.cucumber.core.runner.TestCase.run(TestCase.java:84)
	at io.cucumber.core.runner.Runner.runPickle(Runner.java:75)
	at io.cucumber.testng.TestNGCucumberRunner.lambda$runScenario$1(TestNGCucumberRunner.java:132)
	at io.cucumber.core.runtime.CucumberExecutionContext.lambda$runTestCase$5(CucumberExecutionContext.java:129)
	at io.cucumber.core.runtime.RethrowingThrowableCollector.executeAndThrow(RethrowingThrowableCollector.java:23)
	at io.cucumber.core.runtime.CucumberExecutionContext.runTestCase(CucumberExecutionContext.java:129)
	at io.cucumber.testng.TestNGCucumberRunner.runScenario(TestNGCucumberRunner.java:129)
	at io.cucumber.testng.AbstractTestNGCucumberTests.runScenario(AbstractTestNGCucumberTests.java:35)
	at jdk.internal.reflect.GeneratedMethodAccessor121.invoke(Unknown Source)
	at java.base/jdk.internal.reflect.DelegatingMethodAccessorImpl.invoke(DelegatingMethodAccessorImpl.java:43)
	at java.base/java.lang.reflect.Method.invoke(Method.java:568)
	at org.testng.internal.invokers.MethodInvocationHelper.invokeMethod(MethodInvocationHelper.java:139)
	at org.testng.internal.invokers.TestInvoker.invokeMethod(TestInvoker.java:677)
	at org.testng.internal.invokers.TestInvoker.invokeTestMethod(TestInvoker.java:221)
	at org.testng.internal.invokers.MethodRunner.runInSequence(MethodRunner.java:50)
	at org.testng.internal.invokers.TestInvoker$MethodInvocationAgent.invoke(TestInvoker.java:962)
	at org.testng.internal.invokers.TestInvoker.invokeTestMethods(TestInvoker.java:194)
	at org.testng.internal.invokers.TestMethodWorker.invokeTestMethods(TestMethodWorker.java:148)
	at org.testng.internal.invokers.TestMethodWorker.run(TestMethodWorker.java:128)
	at java.base/java.util.ArrayList.forEach(ArrayList.java:1511)
	at org.testng.TestRunner.privateRun(TestRunner.java:806)
	at org.testng.TestRunner.run(TestRunner.java:601)
	at org.testng.SuiteRunner.runTest(SuiteRunner.java:433)
	at org.testng.SuiteRunner.runSequentially(SuiteRunner.java:427)
	at org.testng.SuiteRunner.privateRun(SuiteRunner.java:387)
	at org.testng.SuiteRunner.run(SuiteRunner.java:330)
	at org.testng.SuiteRunnerWorker.runSuite(SuiteRunnerWorker.java:52)
	at org.testng.SuiteRunnerWorker.run(SuiteRunnerWorker.java:95)
	at org.testng.TestNG.runSuitesSequentially(TestNG.java:1256)
	at org.testng.TestNG.runSuitesLocally(TestNG.java:1176)
	at org.testng.TestNG.runSuites(TestNG.java:1099)
	at org.testng.TestNG.run(TestNG.java:1067)
	at org.testng.remote.AbstractRemoteTestNG.run(AbstractRemoteTestNG.java:115)
	at org.testng.remote.RemoteTestNG.initAndRun(RemoteTestNG.java:251)
	at org.testng.remote.RemoteTestNG.main(RemoteTestNG.java:77)
</pre></div><a href='#' onClick='toggleBox("stack-trace2112108114", this, "Click to show all stack frames", "Click to hide stack frames")'>Click to show all stack frames</a>
<div class='stack-trace' id='stack-trace2112108114'><pre>org.openqa.selenium.TimeoutException: Expected condition failed: waiting for visibility of Proxy element for: DefaultElementLocator &apos;By.xpath: //figure[1]//a[1]//div[1]//p[2]&apos; (tried for 10 second(s) with 500 milliseconds interval)
	at org.openqa.selenium.support.ui.WebDriverWait.timeoutException(WebDriverWait.java:87)
	at org.openqa.selenium.support.ui.FluentWait.until(FluentWait.java:231)
	at cucumber.framework.page.jcadmin.JCAdminAboutPage.driverWaitTxt(JCAdminAboutPage.java:35)
	at cucumber.framework.page.jcadmin.JCAdminAboutPage.getValidNamaTrainerLength(JCAdminAboutPage.java:259)
	at cucumber.framework.runner.jcadmin.JCAdminAboutFindAndMoveNegativeImpl.kode_admin_menemukan_cari_atau_tidak_case(JCAdminAboutFindAndMoveNegativeImpl.java:48)
	at ✽.AB010N Admin menemukan NicoArdyTestPanjangggggggggggggggggggggggggggggggggggggggggggggggggggggggggggggggggggggggggggggggggggggggggggggggggggggggggggggggggggggggggggggggggggggggggggggggggggggggggggggggggggggggggggggggggggggggggggggggggggggggggggggggggggggggggggggggggggggggggggggggggggggggggggggggggggggggggggggggggggggggggggggggggggggggggggggggggggggggggggggggggggggggggggggggggggggggggggggggggggggggggggggggggggggggggggggggggggggggggggggggggggggggggggggggggggggggggggggggggggggggggggggggggggggggggggggggggggggggggggggggggg atau tidak nama500 karakter(file:///C:/TRAINING/TA/TA-NICO/TA-NICO/src/main/resources/jcadmin/005About004FindAndMoveNegative.feature:9)
Caused by: org.openqa.selenium.NoSuchElementException: no such element: Unable to locate element: {&quot;method&quot;:&quot;xpath&quot;,&quot;selector&quot;:&quot;//figure[1]//a[1]//div[1]//p[2]&quot;}
  (Session info: chrome=106.0.5249.103)
For documentation on this error, please visit: https://selenium.dev/exceptions/#no_such_element
Build info: version: &apos;4.4.0&apos;, revision: &apos;e5c75ed026a&apos;
System info: host: &apos;DESKTOP-7EJ77M7&apos;, ip: &apos;10.107.104.90&apos;, os.name: &apos;Windows 10&apos;, os.arch: &apos;amd64&apos;, os.version: &apos;10.0&apos;, java.version: &apos;17.0.4&apos;
Driver info: org.openqa.selenium.chrome.ChromeDriver
Command: [d149493003dc10407a7c02d98fea8536, findElement {using=xpath, value=//figure[1]//a[1]//div[1]//p[2]}]
Capabilities {acceptInsecureCerts: false, browserName: chrome, browserVersion: 106.0.5249.103, chrome: {chromedriverVersion: 106.0.5249.61 (511755355844..., userDataDir: C:\Users\NEXSOFT\AppData\Lo...}, goog:chromeOptions: {debuggerAddress: localhost:53603}, networkConnectionEnabled: false, pageLoadStrategy: normal, platformName: WINDOWS, proxy: Proxy(), se:cdp: ws://localhost:53603/devtoo..., se:cdpVersion: 106.0.5249.103, setWindowRect: true, strictFileInteractability: false, timeouts: {implicit: 0, pageLoad: 300000, script: 30000}, unhandledPromptBehavior: dismiss and notify, webauthn:extension:credBlob: true, webauthn:extension:largeBlob: true, webauthn:virtualAuthenticators: true}
Session ID: d149493003dc10407a7c02d98fea8536
	at java.base/jdk.internal.reflect.NativeConstructorAccessorImpl.newInstance0(Native Method)
	at java.base/jdk.internal.reflect.NativeConstructorAccessorImpl.newInstance(NativeConstructorAccessorImpl.java:77)
	at java.base/jdk.internal.reflect.DelegatingConstructorAccessorImpl.newInstance(DelegatingConstructorAccessorImpl.java:45)
	at java.base/java.lang.reflect.Constructor.newInstanceWithCaller(Constructor.java:499)
	at java.base/java.lang.reflect.Constructor.newInstance(Constructor.java:480)
	at org.openqa.selenium.remote.codec.w3c.W3CHttpResponseCodec.createException(W3CHttpResponseCodec.java:200)
	at org.openqa.selenium.remote.codec.w3c.W3CHttpResponseCodec.decode(W3CHttpResponseCodec.java:133)
	at org.openqa.selenium.remote.codec.w3c.W3CHttpResponseCodec.decode(W3CHttpResponseCodec.java:53)
	at org.openqa.selenium.remote.HttpCommandExecutor.execute(HttpCommandExecutor.java:184)
	at org.openqa.selenium.remote.service.DriverCommandExecutor.invokeExecute(DriverCommandExecutor.java:167)
	at org.openqa.selenium.remote.service.DriverCommandExecutor.execute(DriverCommandExecutor.java:142)
	at org.openqa.selenium.remote.RemoteWebDriver.execute(RemoteWebDriver.java:547)
	at org.openqa.selenium.remote.ElementLocation$ElementFinder$2.findElement(ElementLocation.java:162)
	at org.openqa.selenium.remote.ElementLocation.findElement(ElementLocation.java:60)
	at org.openqa.selenium.remote.RemoteWebDriver.findElement(RemoteWebDriver.java:365)
	at org.openqa.selenium.remote.RemoteWebDriver.findElement(RemoteWebDriver.java:357)
	at org.openqa.selenium.support.pagefactory.DefaultElementLocator.findElement(DefaultElementLocator.java:70)
	at org.openqa.selenium.support.pagefactory.internal.LocatingElementHandler.invoke(LocatingElementHandler.java:39)
	at jdk.proxy2/jdk.proxy2.$Proxy31.isDisplayed(Unknown Source)
	at org.openqa.selenium.support.ui.ExpectedConditions.elementIfVisible(ExpectedConditions.java:307)
	at org.openqa.selenium.support.ui.ExpectedConditions.access$000(ExpectedConditions.java:40)
	at org.openqa.selenium.support.ui.ExpectedConditions$10.apply(ExpectedConditions.java:293)
	at org.openqa.selenium.support.ui.ExpectedConditions$10.apply(ExpectedConditions.java:290)
	at org.openqa.selenium.support.ui.FluentWait.until(FluentWait.java:208)
	at cucumber.framework.page.jcadmin.JCAdminAboutPage.driverWaitTxt(JCAdminAboutPage.java:35)
	at cucumber.framework.page.jcadmin.JCAdminAboutPage.getValidNamaTrainerLength(JCAdminAboutPage.java:259)
	at cucumber.framework.runner.jcadmin.JCAdminAboutFindAndMoveNegativeImpl.kode_admin_menemukan_cari_atau_tidak_case(JCAdminAboutFindAndMoveNegativeImpl.java:48)
	at java.base/jdk.internal.reflect.NativeMethodAccessorImpl.invoke0(Native Method)
	at java.base/jdk.internal.reflect.NativeMethodAccessorImpl.invoke(NativeMethodAccessorImpl.java:77)
	at java.base/jdk.internal.reflect.DelegatingMethodAccessorImpl.invoke(DelegatingMethodAccessorImpl.java:43)
	at java.base/java.lang.reflect.Method.invoke(Method.java:568)
	at io.cucumber.java.Invoker.doInvoke(Invoker.java:66)
	at io.cucumber.java.Invoker.invoke(Invoker.java:24)
	at io.cucumber.java.AbstractGlueDefinition.invokeMethod(AbstractGlueDefinition.java:47)
	at io.cucumber.java.JavaStepDefinition.execute(JavaStepDefinition.java:29)
	at io.cucumber.core.runner.CoreStepDefinition.execute(CoreStepDefinition.java:66)
	at io.cucumber.core.runner.PickleStepDefinitionMatch.runStep(PickleStepDefinitionMatch.java:63)
	at io.cucumber.core.runner.ExecutionMode$1.execute(ExecutionMode.java:10)
	at io.cucumber.core.runner.TestStep.executeStep(TestStep.java:85)
	at io.cucumber.core.runner.TestStep.run(TestStep.java:57)
	at io.cucumber.core.runner.PickleStepTestStep.run(PickleStepTestStep.java:51)
	at io.cucumber.core.runner.TestCase.run(TestCase.java:84)
	at io.cucumber.core.runner.Runner.runPickle(Runner.java:75)
	at io.cucumber.testng.TestNGCucumberRunner.lambda$runScenario$1(TestNGCucumberRunner.java:132)
	at io.cucumber.core.runtime.CucumberExecutionContext.lambda$runTestCase$5(CucumberExecutionContext.java:129)
	at io.cucumber.core.runtime.RethrowingThrowableCollector.executeAndThrow(RethrowingThrowableCollector.java:23)
	at io.cucumber.core.runtime.CucumberExecutionContext.runTestCase(CucumberExecutionContext.java:129)
	at io.cucumber.testng.TestNGCucumberRunner.runScenario(TestNGCucumberRunner.java:129)
	at io.cucumber.testng.AbstractTestNGCucumberTests.runScenario(AbstractTestNGCucumberTests.java:35)
	at jdk.internal.reflect.GeneratedMethodAccessor121.invoke(Unknown Source)
	at java.base/jdk.internal.reflect.DelegatingMethodAccessorImpl.invoke(DelegatingMethodAccessorImpl.java:43)
	at java.base/java.lang.reflect.Method.invoke(Method.java:568)
	at org.testng.internal.invokers.MethodInvocationHelper.invokeMethod(MethodInvocationHelper.java:139)
	at org.testng.internal.invokers.TestInvoker.invokeMethod(TestInvoker.java:677)
	at org.testng.internal.invokers.TestInvoker.invokeTestMethod(TestInvoker.java:221)
	at org.testng.internal.invokers.MethodRunner.runInSequence(MethodRunner.java:50)
	at org.testng.internal.invokers.TestInvoker$MethodInvocationAgent.invoke(TestInvoker.java:962)
	at org.testng.internal.invokers.TestInvoker.invokeTestMethods(TestInvoker.java:194)
	at org.testng.internal.invokers.TestMethodWorker.invokeTestMethods(TestMethodWorker.java:148)
	at org.testng.internal.invokers.TestMethodWorker.run(TestMethodWorker.java:128)
	at java.base/java.util.ArrayList.forEach(ArrayList.java:1511)
	at org.testng.TestRunner.privateRun(TestRunner.java:806)
	at org.testng.TestRunner.run(TestRunner.java:601)
	at org.testng.SuiteRunner.runTest(SuiteRunner.java:433)
	at org.testng.SuiteRunner.runSequentially(SuiteRunner.java:427)
	at org.testng.SuiteRunner.privateRun(SuiteRunner.java:387)
	at org.testng.SuiteRunner.run(SuiteRunner.java:330)
	at org.testng.SuiteRunnerWorker.runSuite(SuiteRunnerWorker.java:52)
	at org.testng.SuiteRunnerWorker.run(SuiteRunnerWorker.java:95)
	at org.testng.TestNG.runSuitesSequentially(TestNG.java:1256)
	at org.testng.TestNG.runSuitesLocally(TestNG.java:1176)
	at org.testng.TestNG.runSuites(TestNG.java:1099)
	at org.testng.TestNG.run(TestNG.java:1067)
	at org.testng.remote.AbstractRemoteTestNG.run(AbstractRemoteTestNG.java:115)
	at org.testng.remote.RemoteTestNG.initAndRun(RemoteTestNG.java:251)
	at org.testng.remote.RemoteTestNG.main(RemoteTestNG.java:77)
</pre></div></td>
<td>33</td>
<td>cucumber.framework.runner.jcadmin.JCAdminRunner@2767e23c</td></tr>
<tr>
<td title='cucumber.framework.runner.jcadmin.JCAdminRunner.runScenario()'><b>runScenario</b><br>Test class: cucumber.framework.runner.jcadmin.JCAdminRunner<br>Test method: Runs Cucumber Scenarios<br>Parameters: "Admin cari data berdasarkan sorting Message", "Mencari Data Contact Message Berdasarkan Sorting"</td>
<td><div><pre>java.lang.AssertionError: expected [00101111zzzozooo] but found [0011111zzzozooo]
	at org.testng.Assert.fail(Assert.java:110)
	at org.testng.Assert.failNotEquals(Assert.java:1413)
	at org.testng.Assert.assertEqualsImpl(Assert.java:149)
	at org.testng.Assert.assertEquals(Assert.java:131)
	at org.testng.Assert.assertEquals(Assert.java:655)
	at org.testng.Assert.assertEquals(Assert.java:665)
	at cucumber.framework.runner.jcadmin.JCAdminContactMessagesSearchMessagesImpl.kode_admin_mendapat_data_yang_disorting_dengan_sorting(JCAdminContactMessagesSearchMessagesImpl.java:64)
	at ✽.CO011P Admin mendapat data 00101111zzzozooo yang disorting dengan Message(file:///C:/TRAINING/TA/TA-NICO/TA-NICO/src/main/resources/jcadmin/007ContactMessages002SearchMessages.feature:12)
</pre></div><a href='#' onClick='toggleBox("stack-trace1830438178", this, "Click to show all stack frames", "Click to hide stack frames")'>Click to show all stack frames</a>
<div class='stack-trace' id='stack-trace1830438178'><pre>java.lang.AssertionError: expected [00101111zzzozooo] but found [0011111zzzozooo]
	at org.testng.Assert.fail(Assert.java:110)
	at org.testng.Assert.failNotEquals(Assert.java:1413)
	at org.testng.Assert.assertEqualsImpl(Assert.java:149)
	at org.testng.Assert.assertEquals(Assert.java:131)
	at org.testng.Assert.assertEquals(Assert.java:655)
	at org.testng.Assert.assertEquals(Assert.java:665)
	at cucumber.framework.runner.jcadmin.JCAdminContactMessagesSearchMessagesImpl.kode_admin_mendapat_data_yang_disorting_dengan_sorting(JCAdminContactMessagesSearchMessagesImpl.java:64)
	at ✽.CO011P Admin mendapat data 00101111zzzozooo yang disorting dengan Message(file:///C:/TRAINING/TA/TA-NICO/TA-NICO/src/main/resources/jcadmin/007ContactMessages002SearchMessages.feature:12)
</pre></div></td>
<td>15</td>
<td>cucumber.framework.runner.jcadmin.JCAdminRunner@2767e23c</td></tr>
<tr>
<td title='cucumber.framework.runner.jcadmin.JCAdminRunner.runScenario()'><b>runScenario</b><br>Test class: cucumber.framework.runner.jcadmin.JCAdminRunner<br>Test method: Runs Cucumber Scenarios<br>Parameters: "Admin mengubah status blog publish Active ke pilih", "Mencari dan Mengedit Blog Negative"</td>
<td><div><pre>java.lang.AssertionError: expected [pilih] but found [Active]
	at org.testng.Assert.fail(Assert.java:110)
	at org.testng.Assert.failNotEquals(Assert.java:1413)
	at org.testng.Assert.assertEqualsImpl(Assert.java:149)
	at org.testng.Assert.assertEquals(Assert.java:131)
	at org.testng.Assert.assertEquals(Assert.java:655)
	at org.testng.Assert.assertEquals(Assert.java:665)
	at cucumber.framework.runner.jcadmin.JCAdminBlogFindAndEditNegativeImpl.kode_admin_menekan_tombol_simpan_edit_status_status_menjadi_ubah(JCAdminBlogFindAndEditNegativeImpl.java:117)
	at ✽.BL004N Admin menekan tombol simpan edit status publish Active menjadi pilih(file:///C:/TRAINING/TA/TA-NICO/TA-NICO/src/main/resources/jcadmin/006Blog005FindAndEditBlogNegative.feature:23)
</pre></div><a href='#' onClick='toggleBox("stack-trace1397931022", this, "Click to show all stack frames", "Click to hide stack frames")'>Click to show all stack frames</a>
<div class='stack-trace' id='stack-trace1397931022'><pre>java.lang.AssertionError: expected [pilih] but found [Active]
	at org.testng.Assert.fail(Assert.java:110)
	at org.testng.Assert.failNotEquals(Assert.java:1413)
	at org.testng.Assert.assertEqualsImpl(Assert.java:149)
	at org.testng.Assert.assertEquals(Assert.java:131)
	at org.testng.Assert.assertEquals(Assert.java:655)
	at org.testng.Assert.assertEquals(Assert.java:665)
	at cucumber.framework.runner.jcadmin.JCAdminBlogFindAndEditNegativeImpl.kode_admin_menekan_tombol_simpan_edit_status_status_menjadi_ubah(JCAdminBlogFindAndEditNegativeImpl.java:117)
	at ✽.BL004N Admin menekan tombol simpan edit status publish Active menjadi pilih(file:///C:/TRAINING/TA/TA-NICO/TA-NICO/src/main/resources/jcadmin/006Blog005FindAndEditBlogNegative.feature:23)
</pre></div></td>
<td>16</td>
<td>cucumber.framework.runner.jcadmin.JCAdminRunner@2767e23c</td></tr>
<tr>
<td title='cucumber.framework.runner.jcadmin.JCAdminRunner.runScenario()'><b>runScenario</b><br>Test class: cucumber.framework.runner.jcadmin.JCAdminRunner<br>Test method: Runs Cucumber Scenarios<br>Parameters: "Admin mengubah status blog publish No Active ke pilih", "Mencari dan Mengedit Blog Negative"</td>
<td><div><pre>java.lang.AssertionError: expected [pilih] but found [No Active]
	at org.testng.Assert.fail(Assert.java:110)
	at org.testng.Assert.failNotEquals(Assert.java:1413)
	at org.testng.Assert.assertEqualsImpl(Assert.java:149)
	at org.testng.Assert.assertEquals(Assert.java:131)
	at org.testng.Assert.assertEquals(Assert.java:655)
	at org.testng.Assert.assertEquals(Assert.java:665)
	at cucumber.framework.runner.jcadmin.JCAdminBlogFindAndEditNegativeImpl.kode_admin_menekan_tombol_simpan_edit_status_status_menjadi_ubah(JCAdminBlogFindAndEditNegativeImpl.java:117)
	at ✽.BL006N Admin menekan tombol simpan edit status publish No Active menjadi pilih(file:///C:/TRAINING/TA/TA-NICO/TA-NICO/src/main/resources/jcadmin/006Blog005FindAndEditBlogNegative.feature:23)
</pre></div><a href='#' onClick='toggleBox("stack-trace1927960180", this, "Click to show all stack frames", "Click to hide stack frames")'>Click to show all stack frames</a>
<div class='stack-trace' id='stack-trace1927960180'><pre>java.lang.AssertionError: expected [pilih] but found [No Active]
	at org.testng.Assert.fail(Assert.java:110)
	at org.testng.Assert.failNotEquals(Assert.java:1413)
	at org.testng.Assert.assertEqualsImpl(Assert.java:149)
	at org.testng.Assert.assertEquals(Assert.java:131)
	at org.testng.Assert.assertEquals(Assert.java:655)
	at org.testng.Assert.assertEquals(Assert.java:665)
	at cucumber.framework.runner.jcadmin.JCAdminBlogFindAndEditNegativeImpl.kode_admin_menekan_tombol_simpan_edit_status_status_menjadi_ubah(JCAdminBlogFindAndEditNegativeImpl.java:117)
	at ✽.BL006N Admin menekan tombol simpan edit status publish No Active menjadi pilih(file:///C:/TRAINING/TA/TA-NICO/TA-NICO/src/main/resources/jcadmin/006Blog005FindAndEditBlogNegative.feature:23)
</pre></div></td>
<td>16</td>
<td>cucumber.framework.runner.jcadmin.JCAdminRunner@2767e23c</td></tr>
</table><p>
<table width='100%' border='1' class='invocation-passed'>
<tr><td colspan='4' align='center'><b>PASSED TESTS</b></td></tr>
<tr><td><b>Test method</b></td>
<td><b>Attribute(s)</b></td>
<td width="30%"><b>Exception</b></td>
<td width="10%"><b>Time (seconds)</b></td>
<td><b>Instance</b></td>
</tr>
<tr>
<td title='cucumber.framework.runner.jcadmin.JCAdminRunner.runScenario()'><b>runScenario</b><br>Test class: cucumber.framework.runner.jcadmin.JCAdminRunner<br>Test method: Runs Cucumber Scenarios<br>Parameters: "Mencari data trainer dengan sebagian nama500 karakter", "Mencari Trainer dan Berpindah Halaman Negative"</td>
<td></td>
<td>12</td>
<td>cucumber.framework.runner.jcadmin.JCAdminRunner@2767e23c</td></tr>
<tr>
<td title='cucumber.framework.runner.jcadmin.JCAdminRunner.runScenario()'><b>runScenario</b><br>Test class: cucumber.framework.runner.jcadmin.JCAdminRunner<br>Test method: Runs Cucumber Scenarios<br>Parameters: "Admin mencari data Messages berdasarkan Nama", "Cari Data Messages Negative"</td>
<td></td>
<td>13</td>
<td>cucumber.framework.runner.jcadmin.JCAdminRunner@2767e23c</td></tr>
<tr>
<td title='cucumber.framework.runner.jcadmin.JCAdminRunner.runScenario()'><b>runScenario</b><br>Test class: cucumber.framework.runner.jcadmin.JCAdminRunner<br>Test method: Runs Cucumber Scenarios<br>Parameters: "Menambah daftar trainer dengan banyak ekstensi gambar PSD", "Menambah About"</td>
<td></td>
<td>23</td>
<td>cucumber.framework.runner.jcadmin.JCAdminRunner@2767e23c</td></tr>
<tr>
<td title='cucumber.framework.runner.jcadmin.JCAdminRunner.runScenario()'><b>runScenario</b><br>Test class: cucumber.framework.runner.jcadmin.JCAdminRunner<br>Test method: Runs Cucumber Scenarios<br>Parameters: "Tambah trainer negative invalid input profile", "Menambah About Negative"</td>
<td></td>
<td>20</td>
<td>cucumber.framework.runner.jcadmin.JCAdminRunner@2767e23c</td></tr>
<tr>
<td title='cucumber.framework.runner.jcadmin.JCAdminRunner.runScenario()'><b>runScenario</b><br>Test class: cucumber.framework.runner.jcadmin.JCAdminRunner<br>Test method: Runs Cucumber Scenarios<br>Parameters: "Menambah daftar trainer No Active", "Menambah About"</td>
<td></td>
<td>23</td>
<td>cucumber.framework.runner.jcadmin.JCAdminRunner@2767e23c</td></tr>
<tr>
<td title='cucumber.framework.runner.jcadmin.JCAdminRunner.runScenario()'><b>runScenario</b><br>Test class: cucumber.framework.runner.jcadmin.JCAdminRunner<br>Test method: Runs Cucumber Scenarios<br>Parameters: "Admin mencari data Nama berdasarkan Email", "Cari Data Messages Negative"</td>
<td></td>
<td>14</td>
<td>cucumber.framework.runner.jcadmin.JCAdminRunner@2767e23c</td></tr>
<tr>
<td title='cucumber.framework.runner.jcadmin.JCAdminRunner.runScenario()'><b>runScenario</b><br>Test class: cucumber.framework.runner.jcadmin.JCAdminRunner<br>Test method: Runs Cucumber Scenarios<br>Parameters: "Mengubah jabatan trainer", "Mengedit Trainer"</td>
<td></td>
<td>11</td>
<td>cucumber.framework.runner.jcadmin.JCAdminRunner@2767e23c</td></tr>
<tr>
<td title='cucumber.framework.runner.jcadmin.JCAdminRunner.runScenario()'><b>runScenario</b><br>Test class: cucumber.framework.runner.jcadmin.JCAdminRunner<br>Test method: Runs Cucumber Scenarios<br>Parameters: "Admin cari data berdasarkan sorting Email", "Mencari Data Contact Message Berdasarkan Sorting"</td>
<td></td>
<td>14</td>
<td>cucumber.framework.runner.jcadmin.JCAdminRunner@2767e23c</td></tr>
<tr>
<td title='cucumber.framework.runner.jcadmin.JCAdminRunner.runScenario()'><b>runScenario</b><br>Test class: cucumber.framework.runner.jcadmin.JCAdminRunner<br>Test method: Runs Cucumber Scenarios<br>Parameters: "Admin mencari data Messages berdasarkan Email", "Cari Data Messages Negative"</td>
<td></td>
<td>13</td>
<td>cucumber.framework.runner.jcadmin.JCAdminRunner@2767e23c</td></tr>
<tr>
<td title='cucumber.framework.runner.jcadmin.JCAdminRunner.runScenario()'><b>runScenario</b><br>Test class: cucumber.framework.runner.jcadmin.JCAdminRunner<br>Test method: Runs Cucumber Scenarios<br>Parameters: "Admin mencari data Email berdasarkan Subject", "Cari Data Messages Negative"</td>
<td></td>
<td>13</td>
<td>cucumber.framework.runner.jcadmin.JCAdminRunner@2767e23c</td></tr>
<tr>
<td title='cucumber.framework.runner.jcadmin.JCAdminRunner.runScenario()'><b>runScenario</b><br>Test class: cucumber.framework.runner.jcadmin.JCAdminRunner<br>Test method: Runs Cucumber Scenarios<br>Parameters: "Mengedit data trainer publish Active", "Mengedit Trainer"</td>
<td></td>
<td>11</td>
<td>cucumber.framework.runner.jcadmin.JCAdminRunner@2767e23c</td></tr>
<tr>
<td title='cucumber.framework.runner.jcadmin.JCAdminRunner.runScenario()'><b>runScenario</b><br>Test class: cucumber.framework.runner.jcadmin.JCAdminRunner<br>Test method: Runs Cucumber Scenarios<br>Parameters: "Menambah daftar trainer dengan banyak ekstensi gambar JPG", "Menambah About"</td>
<td></td>
<td>23</td>
<td>cucumber.framework.runner.jcadmin.JCAdminRunner@2767e23c</td></tr>
<tr>
<td title='cucumber.framework.runner.jcadmin.JCAdminRunner.runScenario()'><b>runScenario</b><br>Test class: cucumber.framework.runner.jcadmin.JCAdminRunner<br>Test method: Runs Cucumber Scenarios<br>Parameters: "Menambah daftar trainer Active", "Menambah About"</td>
<td></td>
<td>38</td>
<td>cucumber.framework.runner.jcadmin.JCAdminRunner@2767e23c</td></tr>
<tr>
<td title='cucumber.framework.runner.jcadmin.JCAdminRunner.runScenario()'><b>runScenario</b><br>Test class: cucumber.framework.runner.jcadmin.JCAdminRunner<br>Test method: Runs Cucumber Scenarios<br>Parameters: "Mengubah nilai dari Content Preview invalid", "Mencari dan Mengedit Blog Negative"</td>
<td></td>
<td>18</td>
<td>cucumber.framework.runner.jcadmin.JCAdminRunner@2767e23c</td></tr>
<tr>
<td title='cucumber.framework.runner.jcadmin.JCAdminRunner.runScenario()'><b>runScenario</b><br>Test class: cucumber.framework.runner.jcadmin.JCAdminRunner<br>Test method: Runs Cucumber Scenarios<br>Parameters: "Admin mencari data Phone Number berdasarkan Email", "Cari Data Messages Negative"</td>
<td></td>
<td>13</td>
<td>cucumber.framework.runner.jcadmin.JCAdminRunner@2767e23c</td></tr>
<tr>
<td title='cucumber.framework.runner.jcadmin.JCAdminRunner.runScenario()'><b>runScenario</b><br>Test class: cucumber.framework.runner.jcadmin.JCAdminRunner<br>Test method: Runs Cucumber Scenarios<br>Parameters: "Admin mencari data Nama berdasarkan Phone Number", "Cari Data Messages Negative"</td>
<td></td>
<td>13</td>
<td>cucumber.framework.runner.jcadmin.JCAdminRunner@2767e23c</td></tr>
<tr>
<td title='cucumber.framework.runner.jcadmin.JCAdminRunner.runScenario()'><b>runScenario</b><br>Test class: cucumber.framework.runner.jcadmin.JCAdminRunner<br>Test method: Runs Cucumber Scenarios<br>Parameters: "Menambah daftar trainer dengan banyak ekstensi gambar WEBP", "Menambah About"</td>
<td></td>
<td>24</td>
<td>cucumber.framework.runner.jcadmin.JCAdminRunner@2767e23c</td></tr>
<tr>
<td title='cucumber.framework.runner.jcadmin.JCAdminRunner.runScenario()'><b>runScenario</b><br>Test class: cucumber.framework.runner.jcadmin.JCAdminRunner<br>Test method: Runs Cucumber Scenarios<br>Parameters: "Mengubah nama trainer", "Mengedit Trainer"</td>
<td></td>
<td>11</td>
<td>cucumber.framework.runner.jcadmin.JCAdminRunner@2767e23c</td></tr>
<tr>
<td title='cucumber.framework.runner.jcadmin.JCAdminRunner.runScenario()'><b>runScenario</b><br>Test class: cucumber.framework.runner.jcadmin.JCAdminRunner<br>Test method: Runs Cucumber Scenarios<br>Parameters: "Admin mencari data Phone Number dengan tekan tombol cari", "Cari Data Messages Negative"</td>
<td></td>
<td>13</td>
<td>cucumber.framework.runner.jcadmin.JCAdminRunner@2767e23c</td></tr>
<tr>
<td title='cucumber.framework.runner.jcadmin.JCAdminRunner.runScenario()'><b>runScenario</b><br>Test class: cucumber.framework.runner.jcadmin.JCAdminRunner<br>Test method: Runs Cucumber Scenarios<br>Parameters: "Tambah trainer negative invalid input jabatan", "Menambah About Negative"</td>
<td></td>
<td>20</td>
<td>cucumber.framework.runner.jcadmin.JCAdminRunner@2767e23c</td></tr>
<tr>
<td title='cucumber.framework.runner.jcadmin.JCAdminRunner.runScenario()'><b>runScenario</b><br>Test class: cucumber.framework.runner.jcadmin.JCAdminRunner<br>Test method: Runs Cucumber Scenarios<br>Parameters: "Admin sorting data berdasarkan Subject", "Melihat Data Contact Message Berdasarkan Sorting"</td>
<td></td>
<td>8</td>
<td>cucumber.framework.runner.jcadmin.JCAdminRunner@2767e23c</td></tr>
<tr>
<td title='cucumber.framework.runner.jcadmin.JCAdminRunner.runScenario()'><b>runScenario</b><br>Test class: cucumber.framework.runner.jcadmin.JCAdminRunner<br>Test method: Runs Cucumber Scenarios<br>Parameters: "Admin mencari data Subject dengan tekan tombol cari", "Cari Data Messages Negative"</td>
<td></td>
<td>13</td>
<td>cucumber.framework.runner.jcadmin.JCAdminRunner@2767e23c</td></tr>
<tr>
<td title='cucumber.framework.runner.jcadmin.JCAdminRunner.runScenario()'><b>runScenario</b><br>Test class: cucumber.framework.runner.jcadmin.JCAdminRunner<br>Test method: Runs Cucumber Scenarios<br>Parameters: "Admin cari data berdasarkan sorting Phone Number", "Mencari Data Contact Message Berdasarkan Sorting"</td>
<td></td>
<td>15</td>
<td>cucumber.framework.runner.jcadmin.JCAdminRunner@2767e23c</td></tr>
<tr>
<td title='cucumber.framework.runner.jcadmin.JCAdminRunner.runScenario()'><b>runScenario</b><br>Test class: cucumber.framework.runner.jcadmin.JCAdminRunner<br>Test method: Runs Cucumber Scenarios<br>Parameters: "Admin mencari data Messages berdasarkan Phone Number", "Cari Data Messages Negative"</td>
<td></td>
<td>13</td>
<td>cucumber.framework.runner.jcadmin.JCAdminRunner@2767e23c</td></tr>
<tr>
<td title='cucumber.framework.runner.jcadmin.JCAdminRunner.runScenario()'><b>runScenario</b><br>Test class: cucumber.framework.runner.jcadmin.JCAdminRunner<br>Test method: Runs Cucumber Scenarios<br>Parameters: "Admin mencari data Subject berdasarkan Phone Number", "Cari Data Messages Negative"</td>
<td></td>
<td>13</td>
<td>cucumber.framework.runner.jcadmin.JCAdminRunner@2767e23c</td></tr>
<tr>
<td title='cucumber.framework.runner.jcadmin.JCAdminRunner.runScenario()'><b>runScenario</b><br>Test class: cucumber.framework.runner.jcadmin.JCAdminRunner<br>Test method: Runs Cucumber Scenarios<br>Parameters: "Berpindah halaman list Messages dengan angka 2", "Berpindah Halaman Messages"</td>
<td></td>
<td>8</td>
<td>cucumber.framework.runner.jcadmin.JCAdminRunner@2767e23c</td></tr>
<tr>
<td title='cucumber.framework.runner.jcadmin.JCAdminRunner.runScenario()'><b>runScenario</b><br>Test class: cucumber.framework.runner.jcadmin.JCAdminRunner<br>Test method: Runs Cucumber Scenarios<br>Parameters: "Tambah trainer negative input profile500 karakter", "Menambah About Negative"</td>
<td></td>
<td>29</td>
<td>cucumber.framework.runner.jcadmin.JCAdminRunner@2767e23c</td></tr>
<tr>
<td title='cucumber.framework.runner.jcadmin.JCAdminRunner.runScenario()'><b>runScenario</b><br>Test class: cucumber.framework.runner.jcadmin.JCAdminRunner<br>Test method: Runs Cucumber Scenarios<br>Parameters: "Admin sorting data berdasarkan Phone Number", "Melihat Data Contact Message Berdasarkan Sorting"</td>
<td></td>
<td>9</td>
<td>cucumber.framework.runner.jcadmin.JCAdminRunner@2767e23c</td></tr>
<tr>
<td title='cucumber.framework.runner.jcadmin.JCAdminRunner.runScenario()'><b>runScenario</b><br>Test class: cucumber.framework.runner.jcadmin.JCAdminRunner<br>Test method: Runs Cucumber Scenarios<br>Parameters: "Menambah daftar trainer dengan banyak ekstensi gambar RAW", "Menambah About"</td>
<td></td>
<td>24</td>
<td>cucumber.framework.runner.jcadmin.JCAdminRunner@2767e23c</td></tr>
<tr>
<td title='cucumber.framework.runner.jcadmin.JCAdminRunner.runScenario()'><b>runScenario</b><br>Test class: cucumber.framework.runner.jcadmin.JCAdminRunner<br>Test method: Runs Cucumber Scenarios<br>Parameters: "Admin sorting data berdasarkan Email", "Melihat Data Contact Message Berdasarkan Sorting"</td>
<td></td>
<td>8</td>
<td>cucumber.framework.runner.jcadmin.JCAdminRunner@2767e23c</td></tr>
<tr>
<td title='cucumber.framework.runner.jcadmin.JCAdminRunner.runScenario()'><b>runScenario</b><br>Test class: cucumber.framework.runner.jcadmin.JCAdminRunner<br>Test method: Runs Cucumber Scenarios<br>Parameters: "Admin mencari data Messages berdasarkan Subject", "Cari Data Messages Negative"</td>
<td></td>
<td>13</td>
<td>cucumber.framework.runner.jcadmin.JCAdminRunner@2767e23c</td></tr>
<tr>
<td title='cucumber.framework.runner.jcadmin.JCAdminRunner.runScenario()'><b>runScenario</b><br>Test class: cucumber.framework.runner.jcadmin.JCAdminRunner<br>Test method: Runs Cucumber Scenarios<br>Parameters: "Tambah trainer negative masukkan foto dengan mp3", "Menambah About Negative"</td>
<td></td>
<td>20</td>
<td>cucumber.framework.runner.jcadmin.JCAdminRunner@2767e23c</td></tr>
<tr>
<td title='cucumber.framework.runner.jcadmin.JCAdminRunner.runScenario()'><b>runScenario</b><br>Test class: cucumber.framework.runner.jcadmin.JCAdminRunner<br>Test method: Runs Cucumber Scenarios<br>Parameters: "Berpindah halaman list Messages dengan angka 3", "Berpindah Halaman Messages"</td>
<td></td>
<td>8</td>
<td>cucumber.framework.runner.jcadmin.JCAdminRunner@2767e23c</td></tr>
<tr>
<td title='cucumber.framework.runner.jcadmin.JCAdminRunner.runScenario()'><b>runScenario</b><br>Test class: cucumber.framework.runner.jcadmin.JCAdminRunner<br>Test method: Runs Cucumber Scenarios<br>Parameters: "Mencari data trainer dengan Profile", "Mencari Trainer dan Berpindah Halaman Negative"</td>
<td></td>
<td>12</td>
<td>cucumber.framework.runner.jcadmin.JCAdminRunner@2767e23c</td></tr>
<tr>
<td title='cucumber.framework.runner.jcadmin.JCAdminRunner.runScenario()'><b>runScenario</b><br>Test class: cucumber.framework.runner.jcadmin.JCAdminRunner<br>Test method: Runs Cucumber Scenarios<br>Parameters: "Tambah trainer negative masukkan foto dengan mp4", "Menambah About Negative"</td>
<td></td>
<td>29</td>
<td>cucumber.framework.runner.jcadmin.JCAdminRunner@2767e23c</td></tr>
<tr>
<td title='cucumber.framework.runner.jcadmin.JCAdminRunner.runScenario()'><b>runScenario</b><br>Test class: cucumber.framework.runner.jcadmin.JCAdminRunner<br>Test method: Runs Cucumber Scenarios<br>Parameters: "Admin cari data berdasarkan sorting Nama", "Mencari Data Contact Message Berdasarkan Sorting"</td>
<td></td>
<td>14</td>
<td>cucumber.framework.runner.jcadmin.JCAdminRunner@2767e23c</td></tr>
<tr>
<td title='cucumber.framework.runner.jcadmin.JCAdminRunner.runScenario()'><b>runScenario</b><br>Test class: cucumber.framework.runner.jcadmin.JCAdminRunner<br>Test method: Runs Cucumber Scenarios<br>Parameters: "Admin mencari data Email berdasarkan Phone Number", "Cari Data Messages Negative"</td>
<td></td>
<td>14</td>
<td>cucumber.framework.runner.jcadmin.JCAdminRunner@2767e23c</td></tr>
<tr>
<td title='cucumber.framework.runner.jcadmin.JCAdminRunner.runScenario()'><b>runScenario</b><br>Test class: cucumber.framework.runner.jcadmin.JCAdminRunner<br>Test method: Runs Cucumber Scenarios<br>Parameters: "Admin mencari data Email berdasarkan Nama", "Cari Data Messages Negative"</td>
<td></td>
<td>13</td>
<td>cucumber.framework.runner.jcadmin.JCAdminRunner@2767e23c</td></tr>
<tr>
<td title='cucumber.framework.runner.jcadmin.JCAdminRunner.runScenario()'><b>runScenario</b><br>Test class: cucumber.framework.runner.jcadmin.JCAdminRunner<br>Test method: Runs Cucumber Scenarios<br>Parameters: "Menambah daftar trainer dengan banyak ekstensi gambar BMP", "Menambah About"</td>
<td></td>
<td>24</td>
<td>cucumber.framework.runner.jcadmin.JCAdminRunner@2767e23c</td></tr>
<tr>
<td title='cucumber.framework.runner.jcadmin.JCAdminRunner.runScenario()'><b>runScenario</b><br>Test class: cucumber.framework.runner.jcadmin.JCAdminRunner<br>Test method: Runs Cucumber Scenarios<br>Parameters: "Mengubah foto trainer", "Mengedit Trainer"</td>
<td></td>
<td>11</td>
<td>cucumber.framework.runner.jcadmin.JCAdminRunner@2767e23c</td></tr>
<tr>
<td title='cucumber.framework.runner.jcadmin.JCAdminRunner.runScenario()'><b>runScenario</b><br>Test class: cucumber.framework.runner.jcadmin.JCAdminRunner<br>Test method: Runs Cucumber Scenarios<br>Parameters: "Mencari data trainer dengan Jabatan", "Mencari Trainer dan Berpindah Halaman Negative"</td>
<td></td>
<td>12</td>
<td>cucumber.framework.runner.jcadmin.JCAdminRunner@2767e23c</td></tr>
<tr>
<td title='cucumber.framework.runner.jcadmin.JCAdminRunner.runScenario()'><b>runScenario</b><br>Test class: cucumber.framework.runner.jcadmin.JCAdminRunner<br>Test method: Runs Cucumber Scenarios<br>Parameters: "Admin mencari data Phone Number berdasarkan Subject", "Cari Data Messages Negative"</td>
<td></td>
<td>13</td>
<td>cucumber.framework.runner.jcadmin.JCAdminRunner@2767e23c</td></tr>
<tr>
<td title='cucumber.framework.runner.jcadmin.JCAdminRunner.runScenario()'><b>runScenario</b><br>Test class: cucumber.framework.runner.jcadmin.JCAdminRunner<br>Test method: Runs Cucumber Scenarios<br>Parameters: "Menambah daftar trainer dengan banyak ekstensi gambar PNG", "Menambah About"</td>
<td></td>
<td>23</td>
<td>cucumber.framework.runner.jcadmin.JCAdminRunner@2767e23c</td></tr>
<tr>
<td title='cucumber.framework.runner.jcadmin.JCAdminRunner.runScenario()'><b>runScenario</b><br>Test class: cucumber.framework.runner.jcadmin.JCAdminRunner<br>Test method: Runs Cucumber Scenarios<br>Parameters: "Menambah daftar trainer dengan banyak ekstensi gambar GIF", "Menambah About"</td>
<td></td>
<td>23</td>
<td>cucumber.framework.runner.jcadmin.JCAdminRunner@2767e23c</td></tr>
<tr>
<td title='cucumber.framework.runner.jcadmin.JCAdminRunner.runScenario()'><b>runScenario</b><br>Test class: cucumber.framework.runner.jcadmin.JCAdminRunner<br>Test method: Runs Cucumber Scenarios<br>Parameters: "Admin mencari data Phone Number berdasarkan Nama", "Cari Data Messages Negative"</td>
<td></td>
<td>14</td>
<td>cucumber.framework.runner.jcadmin.JCAdminRunner@2767e23c</td></tr>
<tr>
<td title='cucumber.framework.runner.jcadmin.JCAdminRunner.runScenario()'><b>runScenario</b><br>Test class: cucumber.framework.runner.jcadmin.JCAdminRunner<br>Test method: Runs Cucumber Scenarios<br>Parameters: "Mengubah profile trainer", "Mengedit Trainer"</td>
<td></td>
<td>11</td>
<td>cucumber.framework.runner.jcadmin.JCAdminRunner@2767e23c</td></tr>
<tr>
<td title='cucumber.framework.runner.jcadmin.JCAdminRunner.runScenario()'><b>runScenario</b><br>Test class: cucumber.framework.runner.jcadmin.JCAdminRunner<br>Test method: Runs Cucumber Scenarios<br>Parameters: "Mengubah nilai dari Content Preview invalid", "Mencari dan Mengedit Blog Negative"</td>
<td></td>
<td>18</td>
<td>cucumber.framework.runner.jcadmin.JCAdminRunner@2767e23c</td></tr>
<tr>
<td title='cucumber.framework.runner.jcadmin.JCAdminRunner.runScenario()'><b>runScenario</b><br>Test class: cucumber.framework.runner.jcadmin.JCAdminRunner<br>Test method: Runs Cucumber Scenarios<br>Parameters: "Menambah daftar trainer dengan banyak ekstensi gambar TIFF", "Menambah About"</td>
<td></td>
<td>24</td>
<td>cucumber.framework.runner.jcadmin.JCAdminRunner@2767e23c</td></tr>
<tr>
<td title='cucumber.framework.runner.jcadmin.JCAdminRunner.runScenario()'><b>runScenario</b><br>Test class: cucumber.framework.runner.jcadmin.JCAdminRunner<br>Test method: Runs Cucumber Scenarios<br>Parameters: "Membuka halaman about", "Menambah About"</td>
<td></td>
<td>13</td>
<td>cucumber.framework.runner.jcadmin.JCAdminRunner@2767e23c</td></tr>
<tr>
<td title='cucumber.framework.runner.jcadmin.JCAdminRunner.runScenario()'><b>runScenario</b><br>Test class: cucumber.framework.runner.jcadmin.JCAdminRunner<br>Test method: Runs Cucumber Scenarios<br>Parameters: "Tambah trainer negative masukkan foto dengan pdf", "Menambah About Negative"</td>
<td></td>
<td>21</td>
<td>cucumber.framework.runner.jcadmin.JCAdminRunner@2767e23c</td></tr>
<tr>
<td title='cucumber.framework.runner.jcadmin.JCAdminRunner.runScenario()'><b>runScenario</b><br>Test class: cucumber.framework.runner.jcadmin.JCAdminRunner<br>Test method: Runs Cucumber Scenarios<br>Parameters: "Admin sorting data berdasarkan Nama", "Melihat Data Contact Message Berdasarkan Sorting"</td>
<td></td>
<td>10</td>
<td>cucumber.framework.runner.jcadmin.JCAdminRunner@2767e23c</td></tr>
<tr>
<td title='cucumber.framework.runner.jcadmin.JCAdminRunner.runScenario()'><b>runScenario</b><br>Test class: cucumber.framework.runner.jcadmin.JCAdminRunner<br>Test method: Runs Cucumber Scenarios<br>Parameters: "Admin cari data berdasarkan sorting Subject", "Mencari Data Contact Message Berdasarkan Sorting"</td>
<td></td>
<td>14</td>
<td>cucumber.framework.runner.jcadmin.JCAdminRunner@2767e23c</td></tr>
<tr>
<td title='cucumber.framework.runner.jcadmin.JCAdminRunner.runScenario()'><b>runScenario</b><br>Test class: cucumber.framework.runner.jcadmin.JCAdminRunner<br>Test method: Runs Cucumber Scenarios<br>Parameters: "Admin mencari data Nama berdasarkan Subject", "Cari Data Messages Negative"</td>
<td></td>
<td>14</td>
<td>cucumber.framework.runner.jcadmin.JCAdminRunner@2767e23c</td></tr>
<tr>
<td title='cucumber.framework.runner.jcadmin.JCAdminRunner.runScenario()'><b>runScenario</b><br>Test class: cucumber.framework.runner.jcadmin.JCAdminRunner<br>Test method: Runs Cucumber Scenarios<br>Parameters: "Admin mencari data Nama dengan tekan tombol cari", "Cari Data Messages Negative"</td>
<td></td>
<td>13</td>
<td>cucumber.framework.runner.jcadmin.JCAdminRunner@2767e23c</td></tr>
<tr>
<td title='cucumber.framework.runner.jcadmin.JCAdminRunner.runScenario()'><b>runScenario</b><br>Test class: cucumber.framework.runner.jcadmin.JCAdminRunner<br>Test method: Runs Cucumber Scenarios<br>Parameters: "Admin mencari data Subject berdasarkan Email", "Cari Data Messages Negative"</td>
<td></td>
<td>13</td>
<td>cucumber.framework.runner.jcadmin.JCAdminRunner@2767e23c</td></tr>
<tr>
<td title='cucumber.framework.runner.jcadmin.JCAdminRunner.runScenario()'><b>runScenario</b><br>Test class: cucumber.framework.runner.jcadmin.JCAdminRunner<br>Test method: Runs Cucumber Scenarios<br>Parameters: "Membuka halaman Contact Messages", "Melihat Data Contact Message Berdasarkan Sorting"</td>
<td></td>
<td>5</td>
<td>cucumber.framework.runner.jcadmin.JCAdminRunner@2767e23c</td></tr>
<tr>
<td title='cucumber.framework.runner.jcadmin.JCAdminRunner.runScenario()'><b>runScenario</b><br>Test class: cucumber.framework.runner.jcadmin.JCAdminRunner<br>Test method: Runs Cucumber Scenarios<br>Parameters: "Tambah trainer negative invalid input nama", "Menambah About Negative"</td>
<td></td>
<td>20</td>
<td>cucumber.framework.runner.jcadmin.JCAdminRunner@2767e23c</td></tr>
<tr>
<td title='cucumber.framework.runner.jcadmin.JCAdminRunner.runScenario()'><b>runScenario</b><br>Test class: cucumber.framework.runner.jcadmin.JCAdminRunner<br>Test method: Runs Cucumber Scenarios<br>Parameters: "Mengedit data trainer publish No Active", "Mengedit Trainer"</td>
<td></td>
<td>11</td>
<td>cucumber.framework.runner.jcadmin.JCAdminRunner@2767e23c</td></tr>
<tr>
<td title='cucumber.framework.runner.jcadmin.JCAdminRunner.runScenario()'><b>runScenario</b><br>Test class: cucumber.framework.runner.jcadmin.JCAdminRunner<br>Test method: Runs Cucumber Scenarios<br>Parameters: "Berpindah halaman list Messages dengan panah", "Berpindah Halaman Messages"</td>
<td></td>
<td>8</td>
<td>cucumber.framework.runner.jcadmin.JCAdminRunner@2767e23c</td></tr>
<tr>
<td title='cucumber.framework.runner.jcadmin.JCAdminRunner.runScenario()'><b>runScenario</b><br>Test class: cucumber.framework.runner.jcadmin.JCAdminRunner<br>Test method: Runs Cucumber Scenarios<br>Parameters: "Admin mencari data Email dengan tekan tombol cari", "Cari Data Messages Negative"</td>
<td></td>
<td>13</td>
<td>cucumber.framework.runner.jcadmin.JCAdminRunner@2767e23c</td></tr>
<tr>
<td title='cucumber.framework.runner.jcadmin.JCAdminRunner.runScenario()'><b>runScenario</b><br>Test class: cucumber.framework.runner.jcadmin.JCAdminRunner<br>Test method: Runs Cucumber Scenarios<br>Parameters: "Admin mencari data Subject berdasarkan Nama", "Cari Data Messages Negative"</td>
<td></td>
<td>13</td>
<td>cucumber.framework.runner.jcadmin.JCAdminRunner@2767e23c</td></tr>
<tr>
<td title='cucumber.framework.runner.jcadmin.JCAdminRunner.runScenario()'><b>runScenario</b><br>Test class: cucumber.framework.runner.jcadmin.JCAdminRunner<br>Test method: Runs Cucumber Scenarios<br>Parameters: "Mencari data trainer dengan nomor data", "Mencari Trainer dan Berpindah Halaman Negative"</td>
<td></td>
<td>12</td>
<td>cucumber.framework.runner.jcadmin.JCAdminRunner@2767e23c</td></tr>
</table><p>
</body>
</html>